#
# A fatal error has been detected by the Java Runtime Environment:
#
#  SIGSEGV (0xb) at pc=0xb7116094, pid=9253, tid=2339580784
#
# JRE version: 6.0_20-b20
# Java VM: OpenJDK Server VM (19.0-b09 mixed mode linux-x86 )
# Derivative: IcedTea6 1.9.7
# Distribution: Ubuntu 10.10, package 6b20-1.9.7-0ubuntu1
# Problematic frame:
# V  [libjvm.so+0x56c094]
#
# If you would like to submit a bug report, please include
# instructions how to reproduce the bug and visit:
#   https://bugs.launchpad.net/ubuntu/+source/openjdk-6/
#

---------------  T H R E A D  ---------------

Current thread (0x09936400):  GCTaskThread [stack: 0x8b6b2000,0x8b733000] [id=9257]

siginfo:si_signo=SIGSEGV: si_errno=0, si_code=1 (SEGV_MAPERR), si_addr=0x00000050

Registers:
EAX=0x8c8f34a8, EBX=0xb72b2ff4, ECX=0x00000000, EDX=0xa9292148
ESP=0x8b731f00, EBP=0x8b731f68, ESI=0x8c8f34a0, EDI=0x93cbc610
EIP=0xb7116094, CR2=0x00000050, EFLAGS=0x00210246

Register to memory mapping:

EAX=0x8c8f34a8

[error occurred during error reporting (printing registers, top of stack, instructions near pc), id 0xb]

Stack: [0x8b6b2000,0x8b733000],  sp=0x8b731f00,  free space=511k
Native frames: (J=compiled Java code, j=interpreted, Vv=VM code, C=native code)
V  [libjvm.so+0x56c094]
V  [libjvm.so+0x56d5f9]
V  [libjvm.so+0x1e68b1]
V  [libjvm.so+0x56fc2a]
V  [libjvm.so+0x31c28e]
V  [libjvm.so+0x51f741]
C  [libpthread.so.0+0x5cc9]


---------------  P R O C E S S  ---------------

Java Threads: ( => current thread )
  0x09dfe000 JavaThread "Java2D Disposer" daemon [_thread_blocked, id=9272, stack(0x8a622000,0x8a673000)]
  0x8b078800 JavaThread "UnitWriteThread" daemon [_thread_blocked, id=9270, stack(0x8a98f000,0x8a9e0000)]
  0x8a858800 JavaThread "UnitCacheLoader" daemon [_thread_blocked, id=9269, stack(0x8aa94000,0x8aae5000)]
  0x8b0e6800 JavaThread "com.google.gwt.thirdparty.guava.common.base.internal.Finalizer" daemon [_thread_blocked, id=9268, stack(0x8a9ef000,0x8aa40000)]
  0x09b1c000 JavaThread "Timer-0" daemon [_thread_blocked, id=9267, stack(0x8aa40000,0x8aa91000)]
  0x8b002400 JavaThread "Low Memory Detector" daemon [_thread_blocked, id=9264, stack(0x8b126000,0x8b177000)]
  0x8b000800 JavaThread "CompilerThread1" daemon [_thread_blocked, id=9263, stack(0x8aefe000,0x8af7f000)]
  0x099cd000 JavaThread "CompilerThread0" daemon [_thread_blocked, id=9262, stack(0x8af7f000,0x8b000000)]
  0x099cb800 JavaThread "Signal Dispatcher" daemon [_thread_blocked, id=9261, stack(0x8b177000,0x8b1c8000)]
  0x099bc000 JavaThread "Finalizer" daemon [_thread_blocked, id=9260, stack(0x8b3c8000,0x8b419000)]
  0x099b7400 JavaThread "Reference Handler" daemon [_thread_blocked, id=9259, stack(0x8b419000,0x8b46a000)]
  0x0992dc00 JavaThread "main" [_thread_blocked, id=9255, stack(0xb6b33000,0xb6b84000)]

Other Threads:
  0x099b3800 VMThread [stack: 0x8b46a000,0x8b4eb000] [id=9258]
  0x8b004800 WatcherThread [stack: 0x8ae7d000,0x8aefe000] [id=9265]

=>0x09936400 (exited) GCTaskThread [stack: 0x8b6b2000,0x8b733000] [id=9257]

VM state:at safepoint (normal execution)

VM Mutex/Monitor currently owned by a thread:  ([mutex/lock_event])
[0x0992b960] Threads_lock - owner thread: 0x099b3800
[0x0992bd70] Heap_lock - owner thread: 0x8a858800

Heap
 PSYoungGen      total 34624K, used 34609K [0xa8f40000, 0xab3a0000, 0xb39e0000)
  eden space 32000K, 100% used [0xa8f40000,0xaae80000,0xaae80000)
  from space 2624K, 99% used [0xab110000,0xab39c628,0xab3a0000)
  to   space 2624K, 99% used [0xaae80000,0xab10c130,0xab110000)
 PSOldGen        total 42560K, used 3376K [0x939e0000, 0x96370000, 0xa8f40000)
  object space 42560K, 7% used [0x939e0000,0x93d2c2d0,0x96370000)
 PSPermGen       total 16384K, used 9569K [0x8b9e0000, 0x8c9e0000, 0x939e0000)
  object space 16384K, 58% used [0x8b9e0000,0x8c338690,0x8c9e0000)

Dynamic libraries:
08048000-08051000 r-xp 00000000 08:01 445723     /usr/lib/jvm/java-6-openjdk/jre/bin/java
08051000-08052000 r--p 00008000 08:01 445723     /usr/lib/jvm/java-6-openjdk/jre/bin/java
08052000-08053000 rw-p 00009000 08:01 445723     /usr/lib/jvm/java-6-openjdk/jre/bin/java
09924000-0a34d000 rw-p 00000000 00:00 0          [heap]
89e00000-89ed7000 rw-p 00000000 00:00 0 
89ed7000-89f00000 ---p 00000000 00:00 0 
8a000000-8a0f9000 rw-p 00000000 00:00 0 
8a0f9000-8a100000 ---p 00000000 00:00 0 
8a100000-8a129000 rw-p 00000000 00:00 0 
8a129000-8a200000 ---p 00000000 00:00 0 
8a200000-8a2d4000 rw-p 00000000 00:00 0 
8a2d4000-8a300000 ---p 00000000 00:00 0 
8a3ef000-8a3f0000 r--s 00000000 08:01 1469015    /var/cache/fontconfig/26de28bc8622bbc1fb67fd234c21975f-le32d4.cache-3
8a3f0000-8a3f1000 r--s 00000000 08:01 1468848    /var/cache/fontconfig/c05880de57d1f5e948fdfacc138775d9-le32d4.cache-3
8a3f1000-8a3f7000 r--s 00000000 08:01 1468845    /var/cache/fontconfig/945677eb7aeaf62f1d50efc3fb3ec7d8-le32d4.cache-3
8a3f7000-8a3f9000 r--s 00000000 08:01 1468846    /var/cache/fontconfig/99e8ed0e538f840c565b6ed5dad60d56-le32d4.cache-3
8a3f9000-8a3fe000 r--s 00000000 08:01 1469034    /var/cache/fontconfig/e25ca923d7a08ab6b0777bd7eb77ea77-le32d4.cache-3
8a3fe000-8a401000 r--s 00000000 08:01 1468855    /var/cache/fontconfig/e383d7ea5fbe662a33d9b44caf393297-le32d4.cache-3
8a401000-8a407000 r--s 00000000 08:01 1469017    /var/cache/fontconfig/401a5dd6b567794a1d18dd9342dfa604-le32d4.cache-3
8a407000-8a40a000 r--s 00000000 08:01 1469000    /var/cache/fontconfig/2cd17615ca594fa2959ae173292e504c-le32d4.cache-3
8a40a000-8a40b000 r--s 00000000 08:01 1468856    /var/cache/fontconfig/e7071f4a29fa870f4323321c154eba04-le32d4.cache-3
8a40b000-8a40e000 r--s 00000000 08:01 1468842    /var/cache/fontconfig/6eb3985aa4124903f6ff08ba781cd364-le32d4.cache-3
8a40e000-8a40f000 r--s 00000000 08:01 1468838    /var/cache/fontconfig/4c73fe0c47614734b17d736dbde7580a-le32d4.cache-3
8a40f000-8a410000 r--s 00000000 08:01 1468831    /var/cache/fontconfig/0d8c3b2ac0904cb8a57a757ad11a4a08-le32d4.cache-3
8a410000-8a411000 r--s 00000000 08:01 1468840    /var/cache/fontconfig/6a53c69dea097a2d716e069445527da8-le32d4.cache-3
8a411000-8a415000 r--s 00000000 08:01 1468847    /var/cache/fontconfig/a755afe4a08bf5b97852ceb7400b47bc-le32d4.cache-3
8a415000-8a419000 r--s 00000000 08:01 1469019    /var/cache/fontconfig/515ca1ebc4b18308bea979be5704f9db-le32d4.cache-3
8a419000-8a420000 r--s 00000000 08:01 1468850    /var/cache/fontconfig/6d41288fd70b0be22e8c3a91e032eec0-le32d4.cache-3
8a420000-8a42b000 r--s 00000000 08:01 1468832    /var/cache/fontconfig/0f34bcd4b6ee430af32735b75db7f02b-le32d4.cache-3
8a42b000-8a42e000 r--s 00000000 08:01 1468852    /var/cache/fontconfig/d60319d88cac85ba9e1a07bd06cfbb8c-le32d4.cache-3
8a42e000-8a42f000 r--s 00000000 08:01 1468999    /var/cache/fontconfig/4794a0821666d79190d59a36cb4f44b5-le32d4.cache-3
8a42f000-8a451000 r--s 00000000 08:01 1469014    /var/cache/fontconfig/365b55f210c0a22e9a19e35191240f32-le32d4.cache-3
8a478000-8a479000 r--s 00000000 08:01 1469015    /var/cache/fontconfig/26de28bc8622bbc1fb67fd234c21975f-le32d4.cache-3
8a479000-8a47a000 r--s 00000000 08:01 1468848    /var/cache/fontconfig/c05880de57d1f5e948fdfacc138775d9-le32d4.cache-3
8a47a000-8a480000 r--s 00000000 08:01 1468845    /var/cache/fontconfig/945677eb7aeaf62f1d50efc3fb3ec7d8-le32d4.cache-3
8a480000-8a482000 r--s 00000000 08:01 1468846    /var/cache/fontconfig/99e8ed0e538f840c565b6ed5dad60d56-le32d4.cache-3
8a482000-8a487000 r--s 00000000 08:01 1469034    /var/cache/fontconfig/e25ca923d7a08ab6b0777bd7eb77ea77-le32d4.cache-3
8a487000-8a48a000 r--s 00000000 08:01 1468855    /var/cache/fontconfig/e383d7ea5fbe662a33d9b44caf393297-le32d4.cache-3
8a48a000-8a490000 r--s 00000000 08:01 1469017    /var/cache/fontconfig/401a5dd6b567794a1d18dd9342dfa604-le32d4.cache-3
8a490000-8a493000 r--s 00000000 08:01 1469000    /var/cache/fontconfig/2cd17615ca594fa2959ae173292e504c-le32d4.cache-3
8a493000-8a494000 r--s 00000000 08:01 1468856    /var/cache/fontconfig/e7071f4a29fa870f4323321c154eba04-le32d4.cache-3
8a494000-8a497000 r--s 00000000 08:01 1468842    /var/cache/fontconfig/6eb3985aa4124903f6ff08ba781cd364-le32d4.cache-3
8a497000-8a498000 r--s 00000000 08:01 1468838    /var/cache/fontconfig/4c73fe0c47614734b17d736dbde7580a-le32d4.cache-3
8a498000-8a499000 r--s 00000000 08:01 1468831    /var/cache/fontconfig/0d8c3b2ac0904cb8a57a757ad11a4a08-le32d4.cache-3
8a499000-8a49a000 r--s 00000000 08:01 1468840    /var/cache/fontconfig/6a53c69dea097a2d716e069445527da8-le32d4.cache-3
8a49a000-8a49e000 r--s 00000000 08:01 1468847    /var/cache/fontconfig/a755afe4a08bf5b97852ceb7400b47bc-le32d4.cache-3
8a49e000-8a4a2000 r--s 00000000 08:01 1469019    /var/cache/fontconfig/515ca1ebc4b18308bea979be5704f9db-le32d4.cache-3
8a4a2000-8a4a9000 r--s 00000000 08:01 1468850    /var/cache/fontconfig/6d41288fd70b0be22e8c3a91e032eec0-le32d4.cache-3
8a4ab000-8a4b3000 r--s 00000000 08:01 1468851    /var/cache/fontconfig/d52a8644073d54c13679302ca1180695-le32d4.cache-3
8a4b3000-8a4bb000 r--s 00000000 08:01 1469006    /var/cache/fontconfig/e13b20fdb08344e0e664864cc2ede53d-le32d4.cache-3
8a4ef000-8a4f2000 r--s 00000000 08:01 1469031    /var/cache/fontconfig/7ef2298fde41cc6eeb7af42e48b7d293-le32d4.cache-3
8a4f2000-8a500000 r--s 00000000 08:01 1469008    /var/cache/fontconfig/865f88548240fee46819705c6468c165-le32d4.cache-3
8a500000-8a5ff000 rw-p 00000000 00:00 0 
8a5ff000-8a600000 ---p 00000000 00:00 0 
8a600000-8a622000 r--s 00000000 08:01 1469014    /var/cache/fontconfig/365b55f210c0a22e9a19e35191240f32-le32d4.cache-3
8a622000-8a625000 ---p 00000000 00:00 0 
8a625000-8a673000 rw-p 00000000 00:00 0 
8a673000-8a68d000 r-xp 00000000 08:01 620239     /lib/libgcc_s.so.1
8a68d000-8a68e000 r--p 00019000 08:01 620239     /lib/libgcc_s.so.1
8a68e000-8a68f000 rw-p 0001a000 08:01 620239     /lib/libgcc_s.so.1
8a68f000-8a701000 r-xp 00000000 08:01 2529835    /usr/lib/libfreetype.so.6.6.0
8a701000-8a705000 r--p 00071000 08:01 2529835    /usr/lib/libfreetype.so.6.6.0
8a705000-8a706000 rw-p 00075000 08:01 2529835    /usr/lib/libfreetype.so.6.6.0
8a706000-8a74a000 r-xp 00000000 08:01 462042     /usr/lib/jvm/java-6-openjdk/jre/lib/i386/libfontmanager.so
8a74a000-8a74c000 r--p 00043000 08:01 462042     /usr/lib/jvm/java-6-openjdk/jre/lib/i386/libfontmanager.so
8a74c000-8a74d000 rw-p 00045000 08:01 462042     /usr/lib/jvm/java-6-openjdk/jre/lib/i386/libfontmanager.so
8a74d000-8a752000 rw-p 00000000 00:00 0 
8a752000-8a7d4000 r-xp 00000000 08:01 462007     /usr/lib/jvm/java-6-openjdk/jre/lib/i386/libawt.so
8a7d4000-8a7d5000 r--p 00081000 08:01 462007     /usr/lib/jvm/java-6-openjdk/jre/lib/i386/libawt.so
8a7d5000-8a7db000 rw-p 00082000 08:01 462007     /usr/lib/jvm/java-6-openjdk/jre/lib/i386/libawt.so
8a7db000-8a800000 rw-p 00000000 00:00 0 
8a800000-8a8f8000 rw-p 00000000 00:00 0 
8a8f8000-8a900000 ---p 00000000 00:00 0 
8a901000-8a90c000 r--s 00000000 08:01 1468832    /var/cache/fontconfig/0f34bcd4b6ee430af32735b75db7f02b-le32d4.cache-3
8a90c000-8a90f000 r--s 00000000 08:01 1468852    /var/cache/fontconfig/d60319d88cac85ba9e1a07bd06cfbb8c-le32d4.cache-3
8a90f000-8a917000 r--s 00000000 08:01 1468851    /var/cache/fontconfig/d52a8644073d54c13679302ca1180695-le32d4.cache-3
8a917000-8a91f000 r--s 00000000 08:01 1469006    /var/cache/fontconfig/e13b20fdb08344e0e664864cc2ede53d-le32d4.cache-3
8a91f000-8a922000 r--s 00000000 08:01 1469031    /var/cache/fontconfig/7ef2298fde41cc6eeb7af42e48b7d293-le32d4.cache-3
8a922000-8a930000 r--s 00000000 08:01 1469008    /var/cache/fontconfig/865f88548240fee46819705c6468c165-le32d4.cache-3
8a930000-8a934000 r-xp 00000000 08:01 462017     /usr/lib/jvm/java-6-openjdk/jre/lib/i386/headless/libmawt.so
8a934000-8a935000 r--p 00003000 08:01 462017     /usr/lib/jvm/java-6-openjdk/jre/lib/i386/headless/libmawt.so
8a935000-8a936000 rw-p 00004000 08:01 462017     /usr/lib/jvm/java-6-openjdk/jre/lib/i386/headless/libmawt.so
8a936000-8a939000 ---p 00000000 00:00 0 
8a939000-8a987000 rw-p 00000000 00:00 0 
8a987000-8a98d000 r-xp 00000000 08:01 462035     /usr/lib/jvm/java-6-openjdk/jre/lib/i386/libmanagement.so
8a98d000-8a98e000 r--p 00005000 08:01 462035     /usr/lib/jvm/java-6-openjdk/jre/lib/i386/libmanagement.so
8a98e000-8a98f000 rw-p 00006000 08:01 462035     /usr/lib/jvm/java-6-openjdk/jre/lib/i386/libmanagement.so
8a98f000-8a992000 ---p 00000000 00:00 0 
8a992000-8a9e0000 rw-p 00000000 00:00 0 
8a9e0000-8a9e3000 r--s 00038000 08:01 131602     /usr/lib/jvm/java-6-openjdk/jre/lib/ext/sunpkcs11.jar
8a9e3000-8a9e5000 r--s 00001000 08:01 131605     /usr/lib/jvm/java-6-openjdk/jre/lib/ext/dnsns.jar
8a9e5000-8a9e8000 r--s 00031000 08:01 131604     /usr/lib/jvm/java-6-openjdk/jre/lib/ext/sunjce_provider.jar
8a9e8000-8a9eb000 r--s 00077000 08:01 131603     /usr/lib/jvm/java-6-openjdk/jre/lib/ext/localedata.jar
8a9eb000-8a9ef000 r--s 0007c000 08:01 70115      /usr/lib/jvm/java-6-openjdk/jre/lib/jsse.jar
8a9ef000-8a9f2000 ---p 00000000 00:00 0 
8a9f2000-8aa40000 rw-p 00000000 00:00 0 
8aa40000-8aa43000 ---p 00000000 00:00 0 
8aa43000-8aa91000 rw-p 00000000 00:00 0 
8aa91000-8aa94000 r--s 00009000 08:01 1682190    /home/rur/.eclipse/org.eclipse.platform_3.5.0_155965261/plugins/com.google.gwt.eclipse.sdkbundle_2.4.0.v201202290255-rel-r35/gwt-2.4.0/validation-api-1.0.0.GA.jar
8aa94000-8aa97000 ---p 00000000 00:00 0 
8aa97000-8ab13000 rw-p 00000000 00:00 0 
8ab13000-8ac87000 r--s 0198d000 08:01 1682168    /home/rur/.eclipse/org.eclipse.platform_3.5.0_155965261/plugins/com.google.gwt.eclipse.sdkbundle_2.4.0.v201202290255-rel-r35/gwt-2.4.0/gwt-dev.jar
8ac87000-8ad6d000 r--s 00b59000 08:01 1682174    /home/rur/.eclipse/org.eclipse.platform_3.5.0_155965261/plugins/com.google.gwt.eclipse.sdkbundle_2.4.0.v201202290255-rel-r35/gwt-2.4.0/gwt-user.jar
8ad6d000-8adc4000 r--s 009af000 08:01 1828534    /home/rur/.eclipse/org.eclipse.platform_3.5.0_155965261/plugins/com.google.appengine.eclipse.sdkbundle_1.6.3.v201202290255r35/appengine-java-sdk-1.6.3/lib/appengine-tools-api.jar
8adc4000-8adc5000 r--s 00001000 08:01 1599674    /home/rur/.eclipse/org.eclipse.platform_3.5.0_155965261/plugins/com.google.appengine.eclipse.sdkbundle_1.6.3.v201202290255r35/appengine-java-sdk-1.6.3/lib/user/jsr107cache-1.1.jar
8adc5000-8adc6000 r--s 00001000 08:01 1599673    /home/rur/.eclipse/org.eclipse.platform_3.5.0_155965261/plugins/com.google.appengine.eclipse.sdkbundle_1.6.3.v201202290255r35/appengine-java-sdk-1.6.3/lib/user/appengine-jsr107cache-1.6.3.jar
8adc6000-8adca000 r--s 00092000 08:01 1599672    /home/rur/.eclipse/org.eclipse.platform_3.5.0_155965261/plugins/com.google.appengine.eclipse.sdkbundle_1.6.3.v201202290255r35/appengine-java-sdk-1.6.3/lib/user/appengine-api-labs-1.6.3.jar
8adca000-8ae52000 r--s 01569000 08:01 1599671    /home/rur/.eclipse/org.eclipse.platform_3.5.0_155965261/plugins/com.google.appengine.eclipse.sdkbundle_1.6.3.v201202290255r35/appengine-java-sdk-1.6.3/lib/user/appengine-api-1.0-sdk-1.6.3.jar
8ae52000-8ae58000 r--s 0002a000 08:01 1615897    /home/rur/.eclipse/org.eclipse.platform_3.5.0_155965261/plugins/com.google.appengine.eclipse.sdkbundle_1.6.3.v201202290255r35/appengine-java-sdk-1.6.3/lib/user/orm/jdo2-api-2.3-eb.jar
8ae58000-8ae59000 r--s 00003000 08:01 1615896    /home/rur/.eclipse/org.eclipse.platform_3.5.0_155965261/plugins/com.google.appengine.eclipse.sdkbundle_1.6.3.v201202290255r35/appengine-java-sdk-1.6.3/lib/user/orm/geronimo-jta_1.1_spec-1.1.1.jar
8ae59000-8ae5c000 r--s 0000a000 08:01 1615895    /home/rur/.eclipse/org.eclipse.platform_3.5.0_155965261/plugins/com.google.appengine.eclipse.sdkbundle_1.6.3.v201202290255r35/appengine-java-sdk-1.6.3/lib/user/orm/geronimo-jpa_3.0_spec-1.1.1.jar
8ae5c000-8ae76000 r--s 001be000 08:01 1615893    /home/rur/.eclipse/org.eclipse.platform_3.5.0_155965261/plugins/com.google.appengine.eclipse.sdkbundle_1.6.3.v201202290255r35/appengine-java-sdk-1.6.3/lib/user/orm/datanucleus-core-1.1.5.jar
8ae76000-8ae7d000 r--s 00047000 08:01 1615892    /home/rur/.eclipse/org.eclipse.platform_3.5.0_155965261/plugins/com.google.appengine.eclipse.sdkbundle_1.6.3.v201202290255r35/appengine-java-sdk-1.6.3/lib/user/orm/datanucleus-appengine-1.0.10.final.jar
8ae7d000-8ae7e000 ---p 00000000 00:00 0 
8ae7e000-8aefe000 rw-p 00000000 00:00 0 
8aefe000-8af01000 ---p 00000000 00:00 0 
8af01000-8af7f000 rw-p 00000000 00:00 0 
8af7f000-8af82000 ---p 00000000 00:00 0 
8af82000-8b000000 rw-p 00000000 00:00 0 
8b000000-8b0f4000 rw-p 00000000 00:00 0 
8b0f4000-8b100000 ---p 00000000 00:00 0 
8b100000-8b102000 r--s 0000e000 08:01 1682189    /home/rur/.eclipse/org.eclipse.platform_3.5.0_155965261/plugins/com.google.gwt.eclipse.sdkbundle_2.4.0.v201202290255-rel-r35/gwt-2.4.0/validation-api-1.0.0.GA-sources.jar
8b102000-8b106000 r--s 00022000 08:01 1615894    /home/rur/.eclipse/org.eclipse.platform_3.5.0_155965261/plugins/com.google.appengine.eclipse.sdkbundle_1.6.3.v201202290255r35/appengine-java-sdk-1.6.3/lib/user/orm/datanucleus-jpa-1.1.5.jar
8b106000-8b108000 r--s 00014000 08:01 2024264    /home/rur/.eclipse/org.eclipse.platform_3.5.0_155965261/plugins/com.google.appengine.eclipse.sdkbundle_1.6.3.v201202290255r35/appengine-java-sdk-1.6.3/lib/shared/servlet-api.jar
8b108000-8b10a000 r--s 00019000 08:01 2040693    /home/rur/.eclipse/org.eclipse.platform_3.5.0_155965261/plugins/com.google.appengine.eclipse.sdkbundle_1.6.3.v201202290255r35/appengine-java-sdk-1.6.3/lib/shared/jsp/repackaged-appengine-jasper-el-6.0.29.jar
8b10a000-8b112000 r--s 0007b000 08:01 2040692    /home/rur/.eclipse/org.eclipse.platform_3.5.0_155965261/plugins/com.google.appengine.eclipse.sdkbundle_1.6.3.v201202290255r35/appengine-java-sdk-1.6.3/lib/shared/jsp/repackaged-appengine-jasper-6.0.29.jar
8b112000-8b126000 r--s 0012e000 08:01 2040690    /home/rur/.eclipse/org.eclipse.platform_3.5.0_155965261/plugins/com.google.appengine.eclipse.sdkbundle_1.6.3.v201202290255r35/appengine-java-sdk-1.6.3/lib/shared/jsp/repackaged-appengine-ant-1.7.1.jar
8b126000-8b129000 ---p 00000000 00:00 0 
8b129000-8b177000 rw-p 00000000 00:00 0 
8b177000-8b17a000 ---p 00000000 00:00 0 
8b17a000-8b1c8000 rw-p 00000000 00:00 0 
8b1c8000-8b3c8000 r--p 00000000 08:01 2563202    /usr/lib/locale/locale-archive
8b3c8000-8b3cb000 ---p 00000000 00:00 0 
8b3cb000-8b419000 rw-p 00000000 00:00 0 
8b419000-8b41c000 ---p 00000000 00:00 0 
8b41c000-8b46a000 rw-p 00000000 00:00 0 
8b46a000-8b46b000 ---p 00000000 00:00 0 
8b46b000-8b4eb000 rw-p 00000000 00:00 0 
8b4eb000-8b4f0000 r--s 00044000 08:01 70123      /usr/lib/jvm/java-6-openjdk/jre/lib/netx.jar
8b4f0000-8b523000 rw-p 00000000 00:00 0 
8b523000-8b6b2000 r--s 038c2000 08:01 70134      /usr/lib/jvm/java-6-openjdk/jre/lib/rt.jar
8b6b2000-8b6b3000 ---p 00000000 00:00 0 
8b6b3000-8b733000 rw-p 00000000 00:00 0 
8b733000-8b734000 ---p 00000000 00:00 0 
8b734000-8b7bc000 rw-p 00000000 00:00 0 
8b7bc000-8b7f4000 rw-p 00000000 00:00 0 
8b7f4000-8b809000 rw-p 00000000 00:00 0 
8b809000-8b89f000 rw-p 00000000 00:00 0 
8b89f000-8b8a7000 rw-p 00000000 00:00 0 
8b8a7000-8b8df000 rw-p 00000000 00:00 0 
8b8df000-8b8f4000 rw-p 00000000 00:00 0 
8b8f4000-8b989000 rw-p 00000000 00:00 0 
8b989000-8b99c000 rw-p 00000000 00:00 0 
8b99c000-8b9df000 rw-p 00000000 00:00 0 
8b9df000-8c9e0000 rw-p 00000000 00:00 0 
8c9e0000-939e0000 rw-p 00000000 00:00 0 
939e0000-96370000 rw-p 00000000 00:00 0 
96370000-a8f40000 rw-p 00000000 00:00 0 
a8f40000-ab3a0000 rw-p 00000000 00:00 0 
ab3a0000-b39e0000 rw-p 00000000 00:00 0 
b39e1000-b39e3000 r--s 00011000 08:01 2024263    /home/rur/.eclipse/org.eclipse.platform_3.5.0_155965261/plugins/com.google.appengine.eclipse.sdkbundle_1.6.3.v201202290255r35/appengine-java-sdk-1.6.3/lib/shared/jsp-api.jar
b39e3000-b39e5000 r--s 00006000 08:01 2024262    /home/rur/.eclipse/org.eclipse.platform_3.5.0_155965261/plugins/com.google.appengine.eclipse.sdkbundle_1.6.3.v201202290255r35/appengine-java-sdk-1.6.3/lib/shared/el-api.jar
b39e5000-b39ed000 r--s 00066000 08:01 84006      /usr/share/java/gnome-java-bridge.jar
b39ed000-b39f6000 rw-p 00000000 00:00 0 
b39f6000-b3aad000 rw-p 00000000 00:00 0 
b3aad000-b3ced000 rwxp 00000000 00:00 0 
b3ced000-b6aad000 rw-p 00000000 00:00 0 
b6aad000-b6ab7000 r-xp 00000000 08:01 620559     /lib/libnss_files-2.12.1.so
b6ab7000-b6ab8000 r--p 00009000 08:01 620559     /lib/libnss_files-2.12.1.so
b6ab8000-b6ab9000 rw-p 0000a000 08:01 620559     /lib/libnss_files-2.12.1.so
b6ab9000-b6ac2000 r-xp 00000000 08:01 620561     /lib/libnss_nis-2.12.1.so
b6ac2000-b6ac3000 r--p 00008000 08:01 620561     /lib/libnss_nis-2.12.1.so
b6ac3000-b6ac4000 rw-p 00009000 08:01 620561     /lib/libnss_nis-2.12.1.so
b6ac5000-b6ac9000 r--s 0008f000 08:01 2024261    /home/rur/.eclipse/org.eclipse.platform_3.5.0_155965261/plugins/com.google.appengine.eclipse.sdkbundle_1.6.3.v201202290255r35/appengine-java-sdk-1.6.3/lib/shared/appengine-local-runtime-shared.jar
b6ac9000-b6acf000 r-xp 00000000 08:01 462009     /usr/lib/jvm/java-6-openjdk/jre/lib/i386/libzip.so
b6acf000-b6ad0000 r--p 00005000 08:01 462009     /usr/lib/jvm/java-6-openjdk/jre/lib/i386/libzip.so
b6ad0000-b6ad1000 rw-p 00006000 08:01 462009     /usr/lib/jvm/java-6-openjdk/jre/lib/i386/libzip.so
b6ad1000-b6ad9000 rw-s 00000000 08:01 2350856    /tmp/hsperfdata_rur/9253
b6ad9000-b6aec000 r-xp 00000000 08:01 620556     /lib/libnsl-2.12.1.so
b6aec000-b6aed000 r--p 00012000 08:01 620556     /lib/libnsl-2.12.1.so
b6aed000-b6aee000 rw-p 00013000 08:01 620556     /lib/libnsl-2.12.1.so
b6aee000-b6af0000 rw-p 00000000 00:00 0 
b6af0000-b6af1000 r--s 00000000 08:01 1468999    /var/cache/fontconfig/4794a0821666d79190d59a36cb4f44b5-le32d4.cache-3
b6af1000-b6af2000 r--s 00006000 08:01 2040694    /home/rur/.eclipse/org.eclipse.platform_3.5.0_155965261/plugins/com.google.appengine.eclipse.sdkbundle_1.6.3.v201202290255r35/appengine-java-sdk-1.6.3/lib/shared/jsp/repackaged-appengine-tomcat-juli-6.0.29.jar
b6af2000-b6af5000 r--s 0000f000 08:01 131607     /usr/lib/jvm/java-6-openjdk/jre/lib/ext/pulse-java.jar
b6af5000-b6afb000 r-xp 00000000 08:01 620557     /lib/libnss_compat-2.12.1.so
b6afb000-b6afc000 r--p 00006000 08:01 620557     /lib/libnss_compat-2.12.1.so
b6afc000-b6afd000 rw-p 00007000 08:01 620557     /lib/libnss_compat-2.12.1.so
b6afd000-b6b03000 r-xp 00000000 08:01 462025     /usr/lib/jvm/java-6-openjdk/jre/lib/i386/native_threads/libhpi.so
b6b03000-b6b04000 r--p 00005000 08:01 462025     /usr/lib/jvm/java-6-openjdk/jre/lib/i386/native_threads/libhpi.so
b6b04000-b6b05000 rw-p 00006000 08:01 462025     /usr/lib/jvm/java-6-openjdk/jre/lib/i386/native_threads/libhpi.so
b6b05000-b6b27000 r-xp 00000000 08:01 462004     /usr/lib/jvm/java-6-openjdk/jre/lib/i386/libjava.so
b6b27000-b6b28000 r--p 00021000 08:01 462004     /usr/lib/jvm/java-6-openjdk/jre/lib/i386/libjava.so
b6b28000-b6b2a000 rw-p 00022000 08:01 462004     /usr/lib/jvm/java-6-openjdk/jre/lib/i386/libjava.so
b6b2a000-b6b31000 r-xp 00000000 08:01 620566     /lib/librt-2.12.1.so
b6b31000-b6b32000 r--p 00006000 08:01 620566     /lib/librt-2.12.1.so
b6b32000-b6b33000 rw-p 00007000 08:01 620566     /lib/librt-2.12.1.so
b6b33000-b6b36000 ---p 00000000 00:00 0 
b6b36000-b6b84000 rw-p 00000000 00:00 0 
b6b84000-b6ba8000 r-xp 00000000 08:01 620554     /lib/libm-2.12.1.so
b6ba8000-b6ba9000 r--p 00023000 08:01 620554     /lib/libm-2.12.1.so
b6ba9000-b6baa000 rw-p 00024000 08:01 620554     /lib/libm-2.12.1.so
b6baa000-b726e000 r-xp 00000000 08:01 462023     /usr/lib/jvm/java-6-openjdk/jre/lib/i386/server/libjvm.so
b726e000-b72b3000 r--p 006c4000 08:01 462023     /usr/lib/jvm/java-6-openjdk/jre/lib/i386/server/libjvm.so
b72b3000-b72c2000 rw-p 00709000 08:01 462023     /usr/lib/jvm/java-6-openjdk/jre/lib/i386/server/libjvm.so
b72c2000-b76e3000 rw-p 00000000 00:00 0 
b76e3000-b783a000 r-xp 00000000 08:01 620415     /lib/libc-2.12.1.so
b783a000-b783c000 r--p 00157000 08:01 620415     /lib/libc-2.12.1.so
b783c000-b783d000 rw-p 00159000 08:01 620415     /lib/libc-2.12.1.so
b783d000-b7840000 rw-p 00000000 00:00 0 
b7840000-b7842000 r-xp 00000000 08:01 620553     /lib/libdl-2.12.1.so
b7842000-b7843000 r--p 00001000 08:01 620553     /lib/libdl-2.12.1.so
b7843000-b7844000 rw-p 00002000 08:01 620553     /lib/libdl-2.12.1.so
b7844000-b7847000 r-xp 00000000 08:01 462013     /usr/lib/jvm/java-6-openjdk/jre/lib/i386/jli/libjli.so
b7847000-b7848000 r--p 00002000 08:01 462013     /usr/lib/jvm/java-6-openjdk/jre/lib/i386/jli/libjli.so
b7848000-b7849000 rw-p 00003000 08:01 462013     /usr/lib/jvm/java-6-openjdk/jre/lib/i386/jli/libjli.so
b7849000-b785e000 r-xp 00000000 08:01 620564     /lib/libpthread-2.12.1.so
b785e000-b785f000 ---p 00015000 08:01 620564     /lib/libpthread-2.12.1.so
b785f000-b7860000 r--p 00015000 08:01 620564     /lib/libpthread-2.12.1.so
b7860000-b7861000 rw-p 00016000 08:01 620564     /lib/libpthread-2.12.1.so
b7861000-b7864000 rw-p 00000000 00:00 0 
b7864000-b7877000 r-xp 00000000 08:01 620354     /lib/libz.so.1.2.3.4
b7877000-b7878000 r--p 00012000 08:01 620354     /lib/libz.so.1.2.3.4
b7878000-b7879000 rw-p 00013000 08:01 620354     /lib/libz.so.1.2.3.4
b7879000-b787b000 r--s 00002000 08:01 2040691    /home/rur/.eclipse/org.eclipse.platform_3.5.0_155965261/plugins/com.google.appengine.eclipse.sdkbundle_1.6.3.v201202290255r35/appengine-java-sdk-1.6.3/lib/shared/jsp/repackaged-appengine-ant-launcher-1.7.1.jar
b787b000-b787c000 r--p 002a1000 08:01 2563202    /usr/lib/locale/locale-archive
b787c000-b787e000 r--s 0001d000 08:01 70119      /usr/lib/jvm/java-6-openjdk/jre/lib/plugin.jar
b787e000-b787f000 rw-p 00000000 00:00 0 
b787f000-b7880000 ---p 00000000 00:00 0 
b7880000-b788b000 r-xp 00000000 08:01 462032     /usr/lib/jvm/java-6-openjdk/jre/lib/i386/libverify.so
b788b000-b788c000 ---p 0000b000 08:01 462032     /usr/lib/jvm/java-6-openjdk/jre/lib/i386/libverify.so
b788c000-b788d000 r--p 0000b000 08:01 462032     /usr/lib/jvm/java-6-openjdk/jre/lib/i386/libverify.so
b788d000-b788e000 rw-p 0000c000 08:01 462032     /usr/lib/jvm/java-6-openjdk/jre/lib/i386/libverify.so
b788e000-b7890000 rw-p 00000000 00:00 0 
b7890000-b7891000 r-xp 00000000 00:00 0          [vdso]
b7891000-b78ad000 r-xp 00000000 08:01 620411     /lib/ld-2.12.1.so
b78ad000-b78ae000 r--p 0001b000 08:01 620411     /lib/ld-2.12.1.so
b78ae000-b78af000 rw-p 0001c000 08:01 620411     /lib/ld-2.12.1.so
bfa70000-bfa93000 rw-p 00000000 00:00 0          [stack]

VM Arguments:
jvm_args: -Xmx512m 
java_command: com.google.gwt.dev.Compiler -logLevel INFO -style OBFUSCATED -war /media/rur/filmtit/githubrepo/gui/filmtit0/war filmtit0.Filmtit0
Launcher Type: SUN_STANDARD

Environment Variables:
PATH=/rur/moses/bin/:/media/rur/tectomt/treex/bin:/home/rur/bin:/usr/local/sbin:/usr/local/bin:/usr/sbin:/usr/bin:/sbin:/bin:/usr/games:/media/rur/tectomt/tools/format_validators:/media/rur/tectomt/tools/general:./:/home/rur/
USERNAME=rur
LD_LIBRARY_PATH=/usr/lib/jvm/java-6-openjdk/jre/lib/i386/server:/usr/lib/jvm/java-6-openjdk/jre/lib/i386:/usr/lib/jvm/java-6-openjdk/jre/../lib/i386:/usr/lib/jvm/java-6-openjdk/jre/lib/i386/client:/usr/lib/jvm/java-6-openjdk/jre/lib/i386:/usr/lib/xulrunner-1.9.2.16:/usr/lib/xulrunner-1.9.2.16
SHELL=/bin/bash
DISPLAY=:0.0

Signal Handlers:
SIGSEGV: [libjvm.so+0x6497c0], sa_mask[0]=0x7ffbfeff, sa_flags=0x10000004
SIGBUS: [libjvm.so+0x6497c0], sa_mask[0]=0x7ffbfeff, sa_flags=0x10000004
SIGFPE: [libjvm.so+0x51ba60], sa_mask[0]=0x7ffbfeff, sa_flags=0x10000004
SIGPIPE: [libjvm.so+0x51ba60], sa_mask[0]=0x7ffbfeff, sa_flags=0x10000004
SIGXFSZ: [libjvm.so+0x51ba60], sa_mask[0]=0x7ffbfeff, sa_flags=0x10000004
SIGILL: [libjvm.so+0x51ba60], sa_mask[0]=0x7ffbfeff, sa_flags=0x10000004
SIGUSR1: SIG_DFL, sa_mask[0]=0x00000000, sa_flags=0x00000000
SIGUSR2: [libjvm.so+0x51b110], sa_mask[0]=0x00000004, sa_flags=0x10000004
SIGHUP: [libjvm.so+0x51dc80], sa_mask[0]=0x7ffbfeff, sa_flags=0x10000004
SIGINT: [libjvm.so+0x51dc80], sa_mask[0]=0x7ffbfeff, sa_flags=0x10000004
SIGTERM: [libjvm.so+0x51dc80], sa_mask[0]=0x7ffbfeff, sa_flags=0x10000004
SIGQUIT: [libjvm.so+0x51dc80], sa_mask[0]=0x7ffbfeff, sa_flags=0x10000004


---------------  S Y S T E M  ---------------

OS:Ubuntu 10.10 (maverick)
uname:Linux 2.6.35-28-generic-pae #49-Ubuntu SMP Tue Mar 1 14:58:06 UTC 2011 i686
libc:glibc 2.12.1 NPTL 2.12.1 
rlimit: STACK 8192k, CORE 0k, NPROC infinity, NOFILE 1024, AS infinity
load average:1.10 0.36 0.19

/proc/meminfo:
MemTotal:        4081436 kB
MemFree:         1935208 kB
Buffers:          115964 kB
Cached:           906492 kB
SwapCached:            0 kB
Active:          1340352 kB
Inactive:         692480 kB
Active(anon):    1010832 kB
Inactive(anon):     6548 kB
Active(file):     329520 kB
Inactive(file):   685932 kB
Unevictable:          16 kB
Mlocked:              16 kB
HighTotal:       3244704 kB
HighFree:        1309188 kB
LowTotal:         836732 kB
LowFree:          626020 kB
SwapTotal:       8120844 kB
SwapFree:        8120844 kB
Dirty:              2824 kB
Writeback:             0 kB
AnonPages:       1010632 kB
Mapped:           137060 kB
Shmem:              6956 kB
Slab:              64264 kB
SReclaimable:      51444 kB
SUnreclaim:        12820 kB
KernelStack:        3224 kB
PageTables:         8456 kB
NFS_Unstable:          0 kB
Bounce:                0 kB
WritebackTmp:          0 kB
CommitLimit:    10161560 kB
Committed_AS:    2276556 kB
VmallocTotal:     122880 kB
VmallocUsed:       27688 kB
VmallocChunk:      86124 kB
HardwareCorrupted:     0 kB
HugePages_Total:       0
HugePages_Free:        0
HugePages_Rsvd:        0
HugePages_Surp:        0
Hugepagesize:       2048 kB
DirectMap4k:        8184 kB
DirectMap2M:      905216 kB


CPU:total 2 (2 cores per cpu, 1 threads per core) family 6 model 15 stepping 13, cmov, cx8, fxsr, mmx, sse, sse2, sse3, ssse3

Memory: 4k page, physical 4081436k(1935208k free), swap 8120844k(8120844k free)

vm_info: OpenJDK Server VM (19.0-b09) for linux-x86 JRE (1.6.0_20-b20), built on Feb 23 2011 09:09:10 by "buildd" with gcc 4.4.5

time: Sun Mar 11 12:33:43 2012
elapsed time: 2 seconds

