#
# A fatal error has been detected by the Java Runtime Environment:
#
#  SIGSEGV (0xb) at pc=0xb395ef79, pid=8736, tid=3064081264
#
# JRE version: 6.0_20-b20
# Java VM: OpenJDK Server VM (19.0-b09 mixed mode linux-x86 )
# Derivative: IcedTea6 1.9.7
# Distribution: Ubuntu 10.10, package 6b20-1.9.7-0ubuntu1
# Problematic frame:
# j  com.google.gwt.dev.javac.Dependencies.validateClass(Lcom/google/gwt/core/ext/TreeLogger;Ljava/util/Map$Entry;Lcom/google/gwt/dev/javac/CompiledClass;)Z+1
#
# If you would like to submit a bug report, please include
# instructions how to reproduce the bug and visit:
#   https://bugs.launchpad.net/ubuntu/+source/openjdk-6/
#

---------------  T H R E A D  ---------------

Current thread (0x08b87c00):  JavaThread "main" [_thread_in_Java, id=8738, stack(0xb69d2000,0xb6a23000)]

siginfo:si_signo=SIGSEGV: si_errno=0, si_code=1 (SEGV_MAPERR), si_addr=0x00800004

Registers:
EAX=0x8bfbafd8, EBX=0x0000001f, ECX=0x8bf27830, EDX=0x00800000
ESP=0xb6a21bec, EBP=0xb6a21c0c, ESI=0x8bf28eb6, EDI=0xb6a21c28
EIP=0xb395ef79, CR2=0x00800004, EFLAGS=0x00210246

Register to memory mapping:

EAX=0x8bfbafd8
{instance class} 
 - klass: {other class}

EBX=0x0000001f
0x0000001f is pointing to unknown location

ECX=0x8bf27830
{constant pool} 
 - klass: {other class}
 - cache: 0x8bfb8628
 -   1 :  : klass_index=51 name_and_type_index=122
 -   2 :  : 'com/google/gwt/dev/util/collect/HashMap' {0x8bbfaea8}
 -   3 :  : klass_index=2 name_and_type_index=122
 -   4 :  : klass_index=50 name_and_type_index=124
 -   5 :  : klass_index=50 name_and_type_index=125
 -   6 :  : "" {0x8b935700}
 -   7 :  : klass_index=50 name_and_type_index=126
 -   8 :  : klass_index=127 name_and_type_index=128
 -   9 :  : klass_index=50 name_and_type_index=129
 -  10 :  : klass_index=130 name_and_type_index=131
 -  11 :  : klass_index=21 name_and_type_index=132
 -  12 :  : 'java/lang/StringBuilder' {0x8b8e6b58}
 -  13 :  : klass_index=12 name_and_type_index=122
 -  14 :  : klass_index=12 name_and_type_index=134
 -  15 :  : klass_index=12 name_and_type_index=135
 -  16 :  : klass_index=12 name_and_type_index=136
 -  17 :  : klass_index=130 name_and_type_index=137
 -  18 :  : klass_index=138 name_and_type_index=139
 -  19 :  : klass_index=140 name_and_type_index=141
 -  20 :  : klass_index=140 name_and_type_index=142
 -  21 :  : 'java/lang/String' {0x8b88f0a8}
 -  22 :  : klass_index=144 name_and_type_index=145
 -  23 :  : klass_index=146 name_and_type_index=147
 -  24 :  : klass_index=127 name_and_type_index=148
 -  25 :  : klass_index=144 name_and_type_index=149
 -  26 :  : klass_index=146 name_and_type_index=139
 -  27 :  : 'java/util/Map$Entry' {0x8b911ea0}
 -  28 :  : klass_index=27 name_and_type_index=151
 -  29 :  : klass_index=144 name_and_type_index=152
 -  30 :  : 'com/google/gwt/dev/javac/CompiledClass' {0x8bf21260}
 -  31 :  : 'com/google/gwt/dev/javac/Dependencies$Ref' {0x8bfbafd8}
 -  32 :  : klass_index=31 name_and_type_index=155
 -  33 :  : klass_index=27 name_and_type_index=156
 -  34 :  : klass_index=50 name_and_type_index=157
 -  35 :  : klass_index=50 name_and_type_index=158
 -  36 :  : "java.lang." {0x8c48ff40}
 -  37 :  : klass_index=27 name_and_type_index=160
 -  38 :  : klass_index=161 name_and_type_index=162
 -  39 :  : klass_index=161 name_and_type_index=163
 -  40 :  : "Invalid ref: " {0x8c4909e0}
 -  41 :  : " mine: " {0x8c490a20}
 -  42 :  : "null" {0x8b8fdb98}
 -  43 :  : "not null" {0x8c490a58}
 -  44 :  : " theirs: " {0x8c490a90}
 -  45 :  : klass_index=161 name_and_type_index=169
 -  46 :  : klass_index=31 name_and_type_index=170
 -  47 :  : klass_index=30 name_and_type_index=170
 -  48 :  : klass_index=21 name_and_type_index=171
 -  49 :  : " isn't structurally same." {0x8c490ac8}
 -  50 :  : 'com/google/gwt/dev/javac/Dependencies' {0x8bf29058}
 -  51 :  : 'java/lang/Object' {0x8b886750}
 -  52 :  : 'java/io/Serializable'
 -  53 :  : 'com/google/gwt/dev/javac/Dependencies$1'
 -  54 :  : ''
 -  55 :  : 'InnerClasses'
 -  56 :  : 'Ref'
 -  57 :  : 'qualified'
 -  58 :  : 'Ljava/util/Map;'
 -  59 :  : 'Signature'
 -  60 :  : 'Ljava/util/Map<Ljava/lang/String;Lcom/google/gwt/dev/javac/Dependencies$Ref;>;'
 -  61 :  : 'simple'
 -  62 :  : 'apiRefs'
 -  63 :  : 'Ljava/util/List;'
 -  64 :  : 'Ljava/util/List<Ljava/lang/String;>;'
 -  65 :  : 'myPackage'
 -  66 :  : 'Ljava/lang/String;'
 -  67 :  : '<init>'
 -  68 :  : '()V'
 -  69 :  : 'Code'
 -  70 :  : 'LineNumberTable'
 -  71 :  : 'LocalVariableTable'
 -  72 :  : 'this'
 -  73 :  : 'Lcom/google/gwt/dev/javac/Dependencies;'
 -  74 :  : '(Ljava/lang/String;Ljava/util/List;Ljava/util/List;Ljava/util/List;)V'
 -  75 :  : 'qualifiedRef'
 -  76 :  : 'i$'
 -  77 :  : 'Ljava/util/Iterator;'
 -  78 :  : 'simpleRef'
 -  79 :  : 'unresolvedQualified'
 -  80 :  : 'unresolvedSimple'
 -  81 :  : 'LocalVariableTypeTable'
 -  82 :  : '(Ljava/lang/String;Ljava/util/List<Ljava/lang/String;>;Ljava/util/List<Ljava/lang/String;>;Ljava/util/List<Ljava/lang/String;>;)V'
 -  83 :  : 'getApiRefs'
 -  84 :  : '()Ljava/util/List;'
 -  85 :  : '()Ljava/util/List<Ljava/lang/String;>;'
 -  86 :  : 'findMissingApiRefs'
 -  87 :  : '(Ljava/util/Set;)Ljava/util/List;'
 -  88 :  : 'apiRef'
 -  89 :  : 'allValidClasses'
 -  90 :  : 'Ljava/util/Set;'
 -  91 :  : 'result'
 -  92 :  : 'Ljava/util/Set<Ljava/lang/String;>;'
 -  93 :  : '(Ljava/util/Set<Ljava/lang/String;>;)Ljava/util/List<Ljava/lang/String;>;'
 -  94 :  : 'resolve'
 -  95 :  : '(Ljava/util/Map;)V'
 -  96 :  : 'cc'
 -  97 :  : 'Lcom/google/gwt/dev/javac/CompiledClass;'
 -  98 :  : 'entry'
 -  99 :  : 'Entry'
 - 100 :  : 'Ljava/util/Map$Entry;'
 - 101 :  : 'Ljava/util/Map$Entry<Ljava/lang/String;Lcom/google/gwt/dev/javac/Dependencies$Ref;>;'
 - 102 :  : 'Ljava/util/Map<Ljava/lang/String;Lcom/google/gwt/dev/javac/CompiledClass;>;'
 - 103 :  : '(Ljava/util/Map<Ljava/lang/String;Lcom/google/gwt/dev/javac/CompiledClass;>;)V'
 - 104 :  : 'validate'
 - 105 :  : '(Lcom/google/gwt/core/ext/TreeLogger;Ljava/util/Map;)Z'
 - 106 :  : 'theirs'
 - 107 :  : 'logger'
 - 108 :  : 'Lcom/google/gwt/core/ext/TreeLogger;'
 - 109 :  : '(Lcom/google/gwt/core/ext/TreeLogger;Ljava/util/Map<Ljava/lang/String;Lcom/google/gwt/dev/javac/CompiledClass;>;)Z'
 - 110 :  : 'findBySimpleName'
 - 111 :  : '(Ljava/lang/String;Ljava/util/Map;)Lcom/google/gwt/dev/javac/CompiledClass;'
 - 112 :  : 'ref'
 - 113 :  : '(Ljava/lang/String;Ljava/util/Map<Ljava/lang/String;Lcom/google/gwt/dev/javac/CompiledClass;>;)Lcom/google/gwt/dev/javac/CompiledClass;'
 - 114 :  : 'validateClass'
 - 115 :  : '(Lcom/google/gwt/core/ext/TreeLogger;Ljava/util/Map$Entry;Lcom/google/gwt/dev/javac/CompiledClass;)Z'
 - 116 :  : 'Z'
 - 117 :  : 'mine'
 - 118 :  : 'Lcom/google/gwt/dev/javac/Dependencies$Ref;'
 - 119 :  : '(Lcom/google/gwt/core/ext/TreeLogger;Ljava/util/Map$Entry<Ljava/lang/String;Lcom/google/gwt/dev/javac/Dependencies$Ref;>;Lcom/google/gwt/dev/javac/CompiledClass;)Z'
 - 120 :  : 'SourceFile'
 - 121 :  : 'Dependencies.java'
 - 122 :  : name_index=67 signature_index=68
 - 123 :  : 'com/google/gwt/dev/util/collect/HashMap'
 - 124 :  : name_index=57 signature_index=58
 - 125 :  : name_index=61 signature_index=58
 - 126 :  : name_index=65 signature_index=66
 - 127 :  : 'com/google/gwt/dev/util/collect/Lists'
 - 128 :  : name_index=178 signature_index=84
 - 129 :  : name_index=62 signature_index=63
 - 130 :  : 'com/google/gwt/dev/util/StringInterner' {0x8bc16600}
 - 131 :  : name_index=180 signature_index=181
 - 132 :  : name_index=182 signature_index=183
 - 133 :  : 'java/lang/StringBuilder'
 - 134 :  : name_index=184 signature_index=185
 - 135 :  : name_index=184 signature_index=186
 - 136 :  : name_index=187 signature_index=188
 - 137 :  : name_index=189 signature_index=190
 - 138 :  : 'java/util/List' {0x8b92a3d8}
 - 139 :  : name_index=192 signature_index=193
 - 140 :  : 'java/util/Iterator' {0x8b926f68}
 - 141 :  : name_index=195 signature_index=196
 - 142 :  : name_index=197 signature_index=198
 - 143 :  : 'java/lang/String'
 - 144 :  : 'java/util/Map' {0x8b8c2620}
 - 145 :  : name_index=200 signature_index=201
 - 146 :  : 'java/util/Set' {0x8b923fd0}
 - 147 :  : name_index=203 signature_index=204
 - 148 :  : name_index=205 signature_index=206
 - 149 :  : name_index=207 signature_index=208
 - 150 :  : 'java/util/Map$Entry'
 - 151 :  : name_index=209 signature_index=198
 - 152 :  : name_index=180 signature_index=210
 - 153 :  : 'com/google/gwt/dev/javac/CompiledClass'
 - 154 :  : 'com/google/gwt/dev/javac/Dependencies$Ref'
 - 155 :  : name_index=67 signature_index=211
 - 156 :  : name_index=212 signature_index=210
 - 157 :  : name_index=110 signature_index=111
 - 158 :  : name_index=114 signature_index=115
 - 159 :  : 'java.lang.'
 - 160 :  : name_index=213 signature_index=198
 - 161 :  : 'com/google/gwt/core/ext/TreeLogger'
 - 162 :  : name_index=215 signature_index=218
 - 163 :  : name_index=219 signature_index=220
 - 164 :  : 'Invalid ref: '
 - 165 :  : ' mine: '
 - 166 :  : 'null'
 - 167 :  : 'not null'
 - 168 :  : ' theirs: '
 - 169 :  : name_index=221 signature_index=222
 - 170 :  : name_index=223 signature_index=188
 - 171 :  : name_index=224 signature_index=204
 - 172 :  : ' isn't structurally same.'
 - 173 :  : 'com/google/gwt/dev/javac/Dependencies'
 - 174 :  : 'java/lang/Object'
 - 175 :  : 'java/io/Serializable'
 - 176 :  : 'com/google/gwt/dev/javac/Dependencies$1'
 - 177 :  : 'com/google/gwt/dev/util/collect/Lists'
 - 178 :  : 'create'
 - 179 :  : 'com/google/gwt/dev/util/StringInterner'
 - 180 :  : 'get'
 - 181 :  : '()Lcom/google/gwt/dev/util/StringInterner;'
 - 182 :  : 'length'
 - 183 :  : '()I'
 - 184 :  : 'append'
 - 185 :  : '(Ljava/lang/String;)Ljava/lang/StringBuilder;'
 - 186 :  : '(C)Ljava/lang/StringBuilder;'
 - 187 :  : 'toString'
 - 188 :  : '()Ljava/lang/String;'
 - 189 :  : 'intern'
 - 190 :  : '(Ljava/lang/String;)Ljava/lang/String;'
 - 191 :  : 'java/util/List'
 - 192 :  : 'iterator'
 - 193 :  : '()Ljava/util/Iterator;'
 - 194 :  : 'java/util/Iterator'
 - 195 :  : 'hasNext'
 - 196 :  : '()Z'
 - 197 :  : 'next'
 - 198 :  : '()Ljava/lang/Object;'
 - 199 :  : 'java/util/Map'
 - 200 :  : 'put'
 - 201 :  : '(Ljava/lang/Object;Ljava/lang/Object;)Ljava/lang/Object;'
 - 202 :  : 'java/util/Set'
 - 203 :  : 'contains'
 - 204 :  : '(Ljava/lang/Object;)Z'
 - 205 :  : 'add'
 - 206 :  : '(Ljava/util/List;Ljava/lang/Object;)Ljava/util/List;'
 - 207 :  : 'entrySet'
 - 208 :  : '()Ljava/util/Set;'
 - 209 :  : 'getKey'
 - 210 :  : '(Ljava/lang/Object;)Ljava/lang/Object;'
 - 211 :  : '(Lcom/google/gwt/dev/javac/CompiledClass;Lcom/google/gwt/dev/javac/Dependencies$1;)V'
 - 212 :  : 'setValue'
 - 213 :  : 'getValue'
 - 214 :  : 'com/google/gwt/core/ext/TreeLogger'
 - 215 :  : 'DEBUG'
 - 216 :  : 'com/google/gwt/core/ext/TreeLogger$Type'
 - 217 :  : 'Type'
 - 218 :  : 'Lcom/google/gwt/core/ext/TreeLogger$Type;'
 - 219 :  : 'isLoggable'
 - 220 :  : '(Lcom/google/gwt/core/ext/TreeLogger$Type;)Z'
 - 221 :  : 'log'
 - 222 :  : '(Lcom/google/gwt/core/ext/TreeLogger$Type;Ljava/lang/String;)V'
 - 223 :  : 'getSignatureHash'
 - 224 :  : 'equals'
 - 225 :  : 'com/google/gwt/core/ext/TreeLogger$Type'


EDX=0x00800000
0x00800000 is pointing to unknown location

ESP=0xb6a21bec
0xb6a21bec is pointing into the stack for thread: 0x08b87c00
"main" prio=10 tid=0x08b87c00 nid=0x2222 runnable [0x00000000]
   java.lang.Thread.State: RUNNABLE

EBP=0xb6a21c0c
0xb6a21c0c is pointing into the stack for thread: 0x08b87c00
"main" prio=10 tid=0x08b87c00 nid=0x2222 runnable [0x00000000]
   java.lang.Thread.State: RUNNABLE

ESI=0x8bf28eb6
{constMethod} 
 - klass: {other class}
 - method:       0x8bf29008 {method} 'validateClass' '(Lcom/google/gwt/core/ext/TreeLogger;Ljava/util/Map$Entry;Lcom/google/gwt/dev/javac/CompiledClass;)Z' in 'com/google/gwt/dev/javac/Dependencies'
 - exceptions:   0x8b881188
bci_from(0x8bf28eb6) = 6; print_codes():

EDI=0xb6a21c28
0xb6a21c28 is pointing into the stack for thread: 0x08b87c00
"main" prio=10 tid=0x08b87c00 nid=0x2222 runnable [0x00000000]
   java.lang.Thread.State: RUNNABLE


Top of Stack: (sp=0xb6a21bec)
0xb6a21bec:   b6a21bec 8bf28eb1 b6a21c28 8bfb8628
0xb6a21bfc:   8c4904b0 8bf29008 00000000 b6a21c1c
0xb6a21c0c:   b6a21c4c b394f10d 00000000 00000000
0xb6a21c1c:   00000000 aadd3288 93a23c38 942cb0a0
0xb6a21c2c:   b6a21c2c 8bf28ca0 b6a21c68 8bfb8628
0xb6a21c3c:   8c49041c 8bf28d30 b6a21c1c b6a21c60
0xb6a21c4c:   b6a21c8c b394f10d 00000000 aadd3288
0xb6a21c5c:   aadd0388 94553778 93a23c38 942cb0a0 

Instructions: (pc=0xb395ef79)
0xb395ef69:   8b 75 e4 8b 7d e8 c3 5a eb 06 8b d0 8b 44 99 24
0xb395ef79:   8b 5a 04 8b 4d f0 85 c9 0f 84 7a 00 00 00 8b 79 

Stack: [0xb69d2000,0xb6a23000],  sp=0xb6a21bec,  free space=318k
Native frames: (J=compiled Java code, j=interpreted, Vv=VM code, C=native code)
j  com.google.gwt.dev.javac.Dependencies.validateClass(Lcom/google/gwt/core/ext/TreeLogger;Ljava/util/Map$Entry;Lcom/google/gwt/dev/javac/CompiledClass;)Z+1
j  com.google.gwt.dev.javac.Dependencies.validate(Lcom/google/gwt/core/ext/TreeLogger;Ljava/util/Map;)Z+128
j  com.google.gwt.dev.javac.CompilationStateBuilder$CompileMoreLater.compile(Lcom/google/gwt/core/ext/TreeLogger;Ljava/util/Collection;Ljava/util/Map;Lcom/google/gwt/dev/util/log/speedtracer/SpeedTracerLogger$EventType;Z)Ljava/util/Collection;+402
j  com.google.gwt.dev.javac.CompilationStateBuilder.doBuildFrom(Lcom/google/gwt/core/ext/TreeLogger;Ljava/util/Set;Lcom/google/gwt/dev/javac/JdtCompiler$AdditionalTypeProviderDelegate;Z)Lcom/google/gwt/dev/javac/CompilationState;+344
j  com.google.gwt.dev.javac.CompilationStateBuilder.buildFrom(Lcom/google/gwt/core/ext/TreeLogger;Ljava/util/Set;Lcom/google/gwt/dev/javac/JdtCompiler$AdditionalTypeProviderDelegate;Z)Lcom/google/gwt/dev/javac/CompilationState;+19
j  com.google.gwt.dev.cfg.ModuleDef.getCompilationState(Lcom/google/gwt/core/ext/TreeLogger;Z)Lcom/google/gwt/dev/javac/CompilationState;+14
j  com.google.gwt.dev.Precompile.precompile(Lcom/google/gwt/core/ext/TreeLogger;Lcom/google/gwt/dev/jjs/JJSOptions;Lcom/google/gwt/dev/cfg/ModuleDef;ILcom/google/gwt/dev/cfg/PropertyPermutations;Ljava/io/File;J)Lcom/google/gwt/dev/Precompilation;+57
j  com.google.gwt.dev.Precompile.precompile(Lcom/google/gwt/core/ext/TreeLogger;Lcom/google/gwt/dev/jjs/JJSOptions;Lcom/google/gwt/dev/cfg/ModuleDef;ILcom/google/gwt/dev/cfg/PropertyPermutations;Ljava/io/File;)Lcom/google/gwt/dev/Precompilation;+16
j  com.google.gwt.dev.Precompile.precompile(Lcom/google/gwt/core/ext/TreeLogger;Lcom/google/gwt/dev/jjs/JJSOptions;Lcom/google/gwt/dev/cfg/ModuleDef;Ljava/io/File;)Lcom/google/gwt/dev/Precompilation;+24
j  com.google.gwt.dev.Compiler.run(Lcom/google/gwt/core/ext/TreeLogger;[Lcom/google/gwt/dev/cfg/ModuleDef;)Z+258
j  com.google.gwt.dev.Compiler.run(Lcom/google/gwt/core/ext/TreeLogger;)Z+73
j  com.google.gwt.dev.Compiler$1.run(Lcom/google/gwt/core/ext/TreeLogger;)Z+34
j  com.google.gwt.dev.CompileTaskRunner.doRun(Lcom/google/gwt/core/ext/TreeLogger;Lcom/google/gwt/dev/CompileTaskRunner$CompileTask;)Z+2
j  com.google.gwt.dev.CompileTaskRunner.runWithAppropriateLogger(Lcom/google/gwt/dev/CompileTaskOptions;Lcom/google/gwt/dev/CompileTaskRunner$CompileTask;)Z+39
j  com.google.gwt.dev.Compiler.main([Ljava/lang/String;)V+77
v  ~StubRoutines::call_stub
V  [libjvm.so+0x387902]
V  [libjvm.so+0x518d19]
V  [libjvm.so+0x38683f]
V  [libjvm.so+0x391cdc]
V  [libjvm.so+0x3a0d3d]
C  [java+0x2ef5]  JavaMain+0xd45
C  [libpthread.so.0+0x5cc9]


---------------  P R O C E S S  ---------------

Java Threads: ( => current thread )
  0x08e67400 JavaThread "Java2D Disposer" daemon [_thread_blocked, id=8755, stack(0x8a0d0000,0x8a121000)]
  0x08e3a400 JavaThread "UnitWriteThread" daemon [_thread_blocked, id=8753, stack(0x8a71a000,0x8a76b000)]
  0x8aebf800 JavaThread "com.google.gwt.thirdparty.guava.common.base.internal.Finalizer" daemon [_thread_blocked, id=8751, stack(0x8a76b000,0x8a7bc000)]
  0x08d71800 JavaThread "Timer-0" daemon [_thread_blocked, id=8750, stack(0x8a7bc000,0x8a80d000)]
  0x8ae02400 JavaThread "Low Memory Detector" daemon [_thread_blocked, id=8747, stack(0x8adaf000,0x8ae00000)]
  0x8ae00800 JavaThread "CompilerThread1" daemon [_thread_in_native, id=8746, stack(0x8af15000,0x8af96000)]
  0x08c27000 JavaThread "CompilerThread0" daemon [_thread_in_native, id=8745, stack(0x8af96000,0x8b017000)]
  0x08c25800 JavaThread "Signal Dispatcher" daemon [_thread_blocked, id=8744, stack(0x8b017000,0x8b068000)]
  0x08c16000 JavaThread "Finalizer" daemon [_thread_blocked, id=8743, stack(0x8b268000,0x8b2b9000)]
  0x08c11400 JavaThread "Reference Handler" daemon [_thread_blocked, id=8742, stack(0x8b2b9000,0x8b30a000)]
=>0x08b87c00 JavaThread "main" [_thread_in_Java, id=8738, stack(0xb69d2000,0xb6a23000)]

Other Threads:
  0x08c0d800 VMThread [stack: 0x8b30a000,0x8b38b000] [id=8741]
  0x8ae04800 WatcherThread [stack: 0x8ad2e000,0x8adaf000] [id=8748]

VM state:not at safepoint (normal execution)

VM Mutex/Monitor currently owned by a thread: None

Heap
 PSYoungGen      total 80384K, used 44351K [0xa8de0000, 0xaef20000, 0xb3880000)
  eden space 63296K, 51% used [0xa8de0000,0xaadfadf0,0xacbb0000)
  from space 17088K, 67% used [0xadd10000,0xae8450e0,0xaedc0000)
  to   space 17792K, 0% used [0xacbb0000,0xacbb0000,0xadd10000)
 PSOldGen        total 42560K, used 26318K [0x93880000, 0x96210000, 0xa8de0000)
  object space 42560K, 61% used [0x93880000,0x952339f0,0x96210000)
 PSPermGen       total 16384K, used 12355K [0x8b880000, 0x8c880000, 0x93880000)
  object space 16384K, 75% used [0x8b880000,0x8c490c38,0x8c880000)

Dynamic libraries:
08048000-08051000 r-xp 00000000 08:01 445723     /usr/lib/jvm/java-6-openjdk/jre/bin/java
08051000-08052000 r--p 00008000 08:01 445723     /usr/lib/jvm/java-6-openjdk/jre/bin/java
08052000-08053000 rw-p 00009000 08:01 445723     /usr/lib/jvm/java-6-openjdk/jre/bin/java
08b7e000-0948c000 rw-p 00000000 00:00 0          [heap]
89c00000-89cf9000 rw-p 00000000 00:00 0 
89cf9000-89d00000 ---p 00000000 00:00 0 
89e00000-89ef2000 rw-p 00000000 00:00 0 
89ef2000-89f00000 ---p 00000000 00:00 0 
89f86000-89f87000 r--s 00000000 08:01 1469015    /var/cache/fontconfig/26de28bc8622bbc1fb67fd234c21975f-le32d4.cache-3
89f87000-89f88000 r--s 00000000 08:01 1468848    /var/cache/fontconfig/c05880de57d1f5e948fdfacc138775d9-le32d4.cache-3
89f88000-89f8e000 r--s 00000000 08:01 1468845    /var/cache/fontconfig/945677eb7aeaf62f1d50efc3fb3ec7d8-le32d4.cache-3
89f8e000-89f90000 r--s 00000000 08:01 1468846    /var/cache/fontconfig/99e8ed0e538f840c565b6ed5dad60d56-le32d4.cache-3
89f90000-89f95000 r--s 00000000 08:01 1469034    /var/cache/fontconfig/e25ca923d7a08ab6b0777bd7eb77ea77-le32d4.cache-3
89f95000-89f98000 r--s 00000000 08:01 1468855    /var/cache/fontconfig/e383d7ea5fbe662a33d9b44caf393297-le32d4.cache-3
89f98000-89f9e000 r--s 00000000 08:01 1469017    /var/cache/fontconfig/401a5dd6b567794a1d18dd9342dfa604-le32d4.cache-3
89f9e000-89fa1000 r--s 00000000 08:01 1469000    /var/cache/fontconfig/2cd17615ca594fa2959ae173292e504c-le32d4.cache-3
89fa1000-89fa2000 r--s 00000000 08:01 1468856    /var/cache/fontconfig/e7071f4a29fa870f4323321c154eba04-le32d4.cache-3
89fa2000-89fa5000 r--s 00000000 08:01 1468842    /var/cache/fontconfig/6eb3985aa4124903f6ff08ba781cd364-le32d4.cache-3
89fa5000-89fa6000 r--s 00000000 08:01 1468838    /var/cache/fontconfig/4c73fe0c47614734b17d736dbde7580a-le32d4.cache-3
89fa6000-89fa7000 r--s 00000000 08:01 1468831    /var/cache/fontconfig/0d8c3b2ac0904cb8a57a757ad11a4a08-le32d4.cache-3
89fa7000-89fa8000 r--s 00000000 08:01 1468840    /var/cache/fontconfig/6a53c69dea097a2d716e069445527da8-le32d4.cache-3
89fa8000-89fac000 r--s 00000000 08:01 1468847    /var/cache/fontconfig/a755afe4a08bf5b97852ceb7400b47bc-le32d4.cache-3
89fac000-89fb0000 r--s 00000000 08:01 1469019    /var/cache/fontconfig/515ca1ebc4b18308bea979be5704f9db-le32d4.cache-3
89fb0000-89fb7000 r--s 00000000 08:01 1468850    /var/cache/fontconfig/6d41288fd70b0be22e8c3a91e032eec0-le32d4.cache-3
89fb7000-89fc2000 r--s 00000000 08:01 1468832    /var/cache/fontconfig/0f34bcd4b6ee430af32735b75db7f02b-le32d4.cache-3
89fc2000-89fc5000 r--s 00000000 08:01 1468852    /var/cache/fontconfig/d60319d88cac85ba9e1a07bd06cfbb8c-le32d4.cache-3
89fc5000-89fc6000 r--s 00000000 08:01 1468999    /var/cache/fontconfig/4794a0821666d79190d59a36cb4f44b5-le32d4.cache-3
89fc6000-89fe8000 r--s 00000000 08:01 1469014    /var/cache/fontconfig/365b55f210c0a22e9a19e35191240f32-le32d4.cache-3
8a00f000-8a010000 r--s 00000000 08:01 1469015    /var/cache/fontconfig/26de28bc8622bbc1fb67fd234c21975f-le32d4.cache-3
8a010000-8a011000 r--s 00000000 08:01 1468848    /var/cache/fontconfig/c05880de57d1f5e948fdfacc138775d9-le32d4.cache-3
8a011000-8a017000 r--s 00000000 08:01 1468845    /var/cache/fontconfig/945677eb7aeaf62f1d50efc3fb3ec7d8-le32d4.cache-3
8a017000-8a019000 r--s 00000000 08:01 1468846    /var/cache/fontconfig/99e8ed0e538f840c565b6ed5dad60d56-le32d4.cache-3
8a019000-8a01e000 r--s 00000000 08:01 1469034    /var/cache/fontconfig/e25ca923d7a08ab6b0777bd7eb77ea77-le32d4.cache-3
8a01e000-8a021000 r--s 00000000 08:01 1468855    /var/cache/fontconfig/e383d7ea5fbe662a33d9b44caf393297-le32d4.cache-3
8a021000-8a027000 r--s 00000000 08:01 1469017    /var/cache/fontconfig/401a5dd6b567794a1d18dd9342dfa604-le32d4.cache-3
8a027000-8a02a000 r--s 00000000 08:01 1469000    /var/cache/fontconfig/2cd17615ca594fa2959ae173292e504c-le32d4.cache-3
8a02a000-8a02b000 r--s 00000000 08:01 1468856    /var/cache/fontconfig/e7071f4a29fa870f4323321c154eba04-le32d4.cache-3
8a02b000-8a02e000 r--s 00000000 08:01 1468842    /var/cache/fontconfig/6eb3985aa4124903f6ff08ba781cd364-le32d4.cache-3
8a02e000-8a02f000 r--s 00000000 08:01 1468838    /var/cache/fontconfig/4c73fe0c47614734b17d736dbde7580a-le32d4.cache-3
8a02f000-8a030000 r--s 00000000 08:01 1468831    /var/cache/fontconfig/0d8c3b2ac0904cb8a57a757ad11a4a08-le32d4.cache-3
8a030000-8a031000 r--s 00000000 08:01 1468840    /var/cache/fontconfig/6a53c69dea097a2d716e069445527da8-le32d4.cache-3
8a031000-8a035000 r--s 00000000 08:01 1468847    /var/cache/fontconfig/a755afe4a08bf5b97852ceb7400b47bc-le32d4.cache-3
8a035000-8a039000 r--s 00000000 08:01 1469019    /var/cache/fontconfig/515ca1ebc4b18308bea979be5704f9db-le32d4.cache-3
8a039000-8a040000 r--s 00000000 08:01 1468850    /var/cache/fontconfig/6d41288fd70b0be22e8c3a91e032eec0-le32d4.cache-3
8a040000-8a04b000 r--s 00000000 08:01 1468832    /var/cache/fontconfig/0f34bcd4b6ee430af32735b75db7f02b-le32d4.cache-3
8a04b000-8a04e000 r--s 00000000 08:01 1468852    /var/cache/fontconfig/d60319d88cac85ba9e1a07bd06cfbb8c-le32d4.cache-3
8a04e000-8a04f000 r--s 00000000 08:01 1468999    /var/cache/fontconfig/4794a0821666d79190d59a36cb4f44b5-le32d4.cache-3
8a04f000-8a071000 r--s 00000000 08:01 1469014    /var/cache/fontconfig/365b55f210c0a22e9a19e35191240f32-le32d4.cache-3
8a071000-8a079000 r--s 00000000 08:01 1468851    /var/cache/fontconfig/d52a8644073d54c13679302ca1180695-le32d4.cache-3
8a07b000-8a083000 r--s 00000000 08:01 1468851    /var/cache/fontconfig/d52a8644073d54c13679302ca1180695-le32d4.cache-3
8a083000-8a08b000 r--s 00000000 08:01 1469006    /var/cache/fontconfig/e13b20fdb08344e0e664864cc2ede53d-le32d4.cache-3
8a0c2000-8a0d0000 r--s 00000000 08:01 1469008    /var/cache/fontconfig/865f88548240fee46819705c6468c165-le32d4.cache-3
8a0d0000-8a0d3000 ---p 00000000 00:00 0 
8a0d3000-8a121000 rw-p 00000000 00:00 0 
8a121000-8a13b000 r-xp 00000000 08:01 620239     /lib/libgcc_s.so.1
8a13b000-8a13c000 r--p 00019000 08:01 620239     /lib/libgcc_s.so.1
8a13c000-8a13d000 rw-p 0001a000 08:01 620239     /lib/libgcc_s.so.1
8a13d000-8a1af000 r-xp 00000000 08:01 2529835    /usr/lib/libfreetype.so.6.6.0
8a1af000-8a1b3000 r--p 00071000 08:01 2529835    /usr/lib/libfreetype.so.6.6.0
8a1b3000-8a1b4000 rw-p 00075000 08:01 2529835    /usr/lib/libfreetype.so.6.6.0
8a1b4000-8a1f8000 r-xp 00000000 08:01 462042     /usr/lib/jvm/java-6-openjdk/jre/lib/i386/libfontmanager.so
8a1f8000-8a1fa000 r--p 00043000 08:01 462042     /usr/lib/jvm/java-6-openjdk/jre/lib/i386/libfontmanager.so
8a1fa000-8a1fb000 rw-p 00045000 08:01 462042     /usr/lib/jvm/java-6-openjdk/jre/lib/i386/libfontmanager.so
8a1fb000-8a200000 rw-p 00000000 00:00 0 
8a200000-8a2f3000 rw-p 00000000 00:00 0 
8a2f3000-8a300000 ---p 00000000 00:00 0 
8a301000-8a383000 r-xp 00000000 08:01 462007     /usr/lib/jvm/java-6-openjdk/jre/lib/i386/libawt.so
8a383000-8a384000 r--p 00081000 08:01 462007     /usr/lib/jvm/java-6-openjdk/jre/lib/i386/libawt.so
8a384000-8a38a000 rw-p 00082000 08:01 462007     /usr/lib/jvm/java-6-openjdk/jre/lib/i386/libawt.so
8a38a000-8a3af000 rw-p 00000000 00:00 0 
8a3af000-8a3b2000 ---p 00000000 00:00 0 
8a3b2000-8a400000 rw-p 00000000 00:00 0 
8a400000-8a4de000 rw-p 00000000 00:00 0 
8a4de000-8a500000 ---p 00000000 00:00 0 
8a500000-8a5fb000 rw-p 00000000 00:00 0 
8a5fb000-8a600000 ---p 00000000 00:00 0 
8a600000-8a6fa000 rw-p 00000000 00:00 0 
8a6fa000-8a700000 ---p 00000000 00:00 0 
8a704000-8a70c000 r--s 00000000 08:01 1469006    /var/cache/fontconfig/e13b20fdb08344e0e664864cc2ede53d-le32d4.cache-3
8a70c000-8a71a000 r--s 00000000 08:01 1469008    /var/cache/fontconfig/865f88548240fee46819705c6468c165-le32d4.cache-3
8a71a000-8a71d000 ---p 00000000 00:00 0 
8a71d000-8a76b000 rw-p 00000000 00:00 0 
8a76b000-8a76e000 ---p 00000000 00:00 0 
8a76e000-8a7bc000 rw-p 00000000 00:00 0 
8a7bc000-8a7bf000 ---p 00000000 00:00 0 
8a7bf000-8a80d000 rw-p 00000000 00:00 0 
8a80d000-8a810000 ---p 00000000 00:00 0 
8a810000-8a88c000 rw-p 00000000 00:00 0 
8a88c000-8aa00000 r--s 0198d000 08:01 1682168    /home/rur/.eclipse/org.eclipse.platform_3.5.0_155965261/plugins/com.google.gwt.eclipse.sdkbundle_2.4.0.v201202290255-rel-r35/gwt-2.4.0/gwt-dev.jar
8aa00000-8ab00000 rw-p 00000000 00:00 0 
8ab02000-8ab05000 r--s 00000000 08:01 1469031    /var/cache/fontconfig/7ef2298fde41cc6eeb7af42e48b7d293-le32d4.cache-3
8ab05000-8ab08000 r--s 00000000 08:01 1469031    /var/cache/fontconfig/7ef2298fde41cc6eeb7af42e48b7d293-le32d4.cache-3
8ab08000-8ab0c000 r-xp 00000000 08:01 462017     /usr/lib/jvm/java-6-openjdk/jre/lib/i386/headless/libmawt.so
8ab0c000-8ab0d000 r--p 00003000 08:01 462017     /usr/lib/jvm/java-6-openjdk/jre/lib/i386/headless/libmawt.so
8ab0d000-8ab0e000 rw-p 00004000 08:01 462017     /usr/lib/jvm/java-6-openjdk/jre/lib/i386/headless/libmawt.so
8ab0e000-8ab14000 r-xp 00000000 08:01 462035     /usr/lib/jvm/java-6-openjdk/jre/lib/i386/libmanagement.so
8ab14000-8ab15000 r--p 00005000 08:01 462035     /usr/lib/jvm/java-6-openjdk/jre/lib/i386/libmanagement.so
8ab15000-8ab16000 rw-p 00006000 08:01 462035     /usr/lib/jvm/java-6-openjdk/jre/lib/i386/libmanagement.so
8ab16000-8ab19000 r--s 00038000 08:01 131602     /usr/lib/jvm/java-6-openjdk/jre/lib/ext/sunpkcs11.jar
8ab19000-8ab1b000 r--s 00001000 08:01 131605     /usr/lib/jvm/java-6-openjdk/jre/lib/ext/dnsns.jar
8ab1b000-8ab1e000 r--s 00031000 08:01 131604     /usr/lib/jvm/java-6-openjdk/jre/lib/ext/sunjce_provider.jar
8ab1e000-8ab21000 r--s 00077000 08:01 131603     /usr/lib/jvm/java-6-openjdk/jre/lib/ext/localedata.jar
8ab21000-8ab25000 r--s 0007c000 08:01 70115      /usr/lib/jvm/java-6-openjdk/jre/lib/jsse.jar
8ab25000-8ab28000 r--s 00009000 08:01 1682190    /home/rur/.eclipse/org.eclipse.platform_3.5.0_155965261/plugins/com.google.gwt.eclipse.sdkbundle_2.4.0.v201202290255-rel-r35/gwt-2.4.0/validation-api-1.0.0.GA.jar
8ab28000-8ab2a000 r--s 0000e000 08:01 1682189    /home/rur/.eclipse/org.eclipse.platform_3.5.0_155965261/plugins/com.google.gwt.eclipse.sdkbundle_2.4.0.v201202290255-rel-r35/gwt-2.4.0/validation-api-1.0.0.GA-sources.jar
8ab2a000-8ac10000 r--s 00b59000 08:01 1682174    /home/rur/.eclipse/org.eclipse.platform_3.5.0_155965261/plugins/com.google.gwt.eclipse.sdkbundle_2.4.0.v201202290255-rel-r35/gwt-2.4.0/gwt-user.jar
8ac10000-8ac67000 r--s 009af000 08:01 1828534    /home/rur/.eclipse/org.eclipse.platform_3.5.0_155965261/plugins/com.google.appengine.eclipse.sdkbundle_1.6.3.v201202290255r35/appengine-java-sdk-1.6.3/lib/appengine-tools-api.jar
8ac67000-8ac68000 r--s 00001000 08:01 1599674    /home/rur/.eclipse/org.eclipse.platform_3.5.0_155965261/plugins/com.google.appengine.eclipse.sdkbundle_1.6.3.v201202290255r35/appengine-java-sdk-1.6.3/lib/user/jsr107cache-1.1.jar
8ac68000-8ac69000 r--s 00001000 08:01 1599673    /home/rur/.eclipse/org.eclipse.platform_3.5.0_155965261/plugins/com.google.appengine.eclipse.sdkbundle_1.6.3.v201202290255r35/appengine-java-sdk-1.6.3/lib/user/appengine-jsr107cache-1.6.3.jar
8ac69000-8ac6d000 r--s 00092000 08:01 1599672    /home/rur/.eclipse/org.eclipse.platform_3.5.0_155965261/plugins/com.google.appengine.eclipse.sdkbundle_1.6.3.v201202290255r35/appengine-java-sdk-1.6.3/lib/user/appengine-api-labs-1.6.3.jar
8ac6d000-8acf5000 r--s 01569000 08:01 1599671    /home/rur/.eclipse/org.eclipse.platform_3.5.0_155965261/plugins/com.google.appengine.eclipse.sdkbundle_1.6.3.v201202290255r35/appengine-java-sdk-1.6.3/lib/user/appengine-api-1.0-sdk-1.6.3.jar
8acf5000-8acfb000 r--s 0002a000 08:01 1615897    /home/rur/.eclipse/org.eclipse.platform_3.5.0_155965261/plugins/com.google.appengine.eclipse.sdkbundle_1.6.3.v201202290255r35/appengine-java-sdk-1.6.3/lib/user/orm/jdo2-api-2.3-eb.jar
8acfb000-8acfc000 r--s 00003000 08:01 1615896    /home/rur/.eclipse/org.eclipse.platform_3.5.0_155965261/plugins/com.google.appengine.eclipse.sdkbundle_1.6.3.v201202290255r35/appengine-java-sdk-1.6.3/lib/user/orm/geronimo-jta_1.1_spec-1.1.1.jar
8acfc000-8acff000 r--s 0000a000 08:01 1615895    /home/rur/.eclipse/org.eclipse.platform_3.5.0_155965261/plugins/com.google.appengine.eclipse.sdkbundle_1.6.3.v201202290255r35/appengine-java-sdk-1.6.3/lib/user/orm/geronimo-jpa_3.0_spec-1.1.1.jar
8acff000-8ad03000 r--s 00022000 08:01 1615894    /home/rur/.eclipse/org.eclipse.platform_3.5.0_155965261/plugins/com.google.appengine.eclipse.sdkbundle_1.6.3.v201202290255r35/appengine-java-sdk-1.6.3/lib/user/orm/datanucleus-jpa-1.1.5.jar
8ad03000-8ad1d000 r--s 001be000 08:01 1615893    /home/rur/.eclipse/org.eclipse.platform_3.5.0_155965261/plugins/com.google.appengine.eclipse.sdkbundle_1.6.3.v201202290255r35/appengine-java-sdk-1.6.3/lib/user/orm/datanucleus-core-1.1.5.jar
8ad1d000-8ad24000 r--s 00047000 08:01 1615892    /home/rur/.eclipse/org.eclipse.platform_3.5.0_155965261/plugins/com.google.appengine.eclipse.sdkbundle_1.6.3.v201202290255r35/appengine-java-sdk-1.6.3/lib/user/orm/datanucleus-appengine-1.0.10.final.jar
8ad24000-8ad26000 r--s 00014000 08:01 2024264    /home/rur/.eclipse/org.eclipse.platform_3.5.0_155965261/plugins/com.google.appengine.eclipse.sdkbundle_1.6.3.v201202290255r35/appengine-java-sdk-1.6.3/lib/shared/servlet-api.jar
8ad26000-8ad2e000 r--s 0007b000 08:01 2040692    /home/rur/.eclipse/org.eclipse.platform_3.5.0_155965261/plugins/com.google.appengine.eclipse.sdkbundle_1.6.3.v201202290255r35/appengine-java-sdk-1.6.3/lib/shared/jsp/repackaged-appengine-jasper-6.0.29.jar
8ad2e000-8ad2f000 ---p 00000000 00:00 0 
8ad2f000-8adaf000 rw-p 00000000 00:00 0 
8adaf000-8adb2000 ---p 00000000 00:00 0 
8adb2000-8ae00000 rw-p 00000000 00:00 0 
8ae00000-8aeff000 rw-p 00000000 00:00 0 
8aeff000-8af00000 ---p 00000000 00:00 0 
8af01000-8af15000 r--s 0012e000 08:01 2040690    /home/rur/.eclipse/org.eclipse.platform_3.5.0_155965261/plugins/com.google.appengine.eclipse.sdkbundle_1.6.3.v201202290255r35/appengine-java-sdk-1.6.3/lib/shared/jsp/repackaged-appengine-ant-1.7.1.jar
8af15000-8af18000 ---p 00000000 00:00 0 
8af18000-8af96000 rw-p 00000000 00:00 0 
8af96000-8af99000 ---p 00000000 00:00 0 
8af99000-8b017000 rw-p 00000000 00:00 0 
8b017000-8b01a000 ---p 00000000 00:00 0 
8b01a000-8b068000 rw-p 00000000 00:00 0 
8b068000-8b268000 r--p 00000000 08:01 2563202    /usr/lib/locale/locale-archive
8b268000-8b26b000 ---p 00000000 00:00 0 
8b26b000-8b2b9000 rw-p 00000000 00:00 0 
8b2b9000-8b2bc000 ---p 00000000 00:00 0 
8b2bc000-8b30a000 rw-p 00000000 00:00 0 
8b30a000-8b30b000 ---p 00000000 00:00 0 
8b30b000-8b38b000 rw-p 00000000 00:00 0 
8b38b000-8b390000 r--s 00044000 08:01 70123      /usr/lib/jvm/java-6-openjdk/jre/lib/netx.jar
8b390000-8b3c3000 rw-p 00000000 00:00 0 
8b3c3000-8b552000 r--s 038c2000 08:01 70134      /usr/lib/jvm/java-6-openjdk/jre/lib/rt.jar
8b552000-8b553000 ---p 00000000 00:00 0 
8b553000-8b5d3000 rw-p 00000000 00:00 0 
8b5d3000-8b5d4000 ---p 00000000 00:00 0 
8b5d4000-8b65c000 rw-p 00000000 00:00 0 
8b65c000-8b694000 rw-p 00000000 00:00 0 
8b694000-8b6a9000 rw-p 00000000 00:00 0 
8b6a9000-8b73f000 rw-p 00000000 00:00 0 
8b73f000-8b747000 rw-p 00000000 00:00 0 
8b747000-8b77f000 rw-p 00000000 00:00 0 
8b77f000-8b794000 rw-p 00000000 00:00 0 
8b794000-8b829000 rw-p 00000000 00:00 0 
8b829000-8b85b000 rw-p 00000000 00:00 0 
8b85b000-8b87f000 rw-p 00000000 00:00 0 
8b87f000-8c880000 rw-p 00000000 00:00 0 
8c880000-93880000 rw-p 00000000 00:00 0 
93880000-96210000 rw-p 00000000 00:00 0 
96210000-a8de0000 rw-p 00000000 00:00 0 
a8de0000-aef20000 rw-p 00000000 00:00 0 
aef20000-b3880000 rw-p 00000000 00:00 0 
b3880000-b3882000 r--s 00011000 08:01 2024263    /home/rur/.eclipse/org.eclipse.platform_3.5.0_155965261/plugins/com.google.appengine.eclipse.sdkbundle_1.6.3.v201202290255r35/appengine-java-sdk-1.6.3/lib/shared/jsp-api.jar
b3882000-b3884000 r--s 00006000 08:01 2024262    /home/rur/.eclipse/org.eclipse.platform_3.5.0_155965261/plugins/com.google.appengine.eclipse.sdkbundle_1.6.3.v201202290255r35/appengine-java-sdk-1.6.3/lib/shared/el-api.jar
b3884000-b388c000 r--s 00066000 08:01 84006      /usr/share/java/gnome-java-bridge.jar
b388c000-b3895000 rw-p 00000000 00:00 0 
b3895000-b394c000 rw-p 00000000 00:00 0 
b394c000-b3b8c000 rwxp 00000000 00:00 0 
b3b8c000-b694c000 rw-p 00000000 00:00 0 
b694c000-b6956000 r-xp 00000000 08:01 620559     /lib/libnss_files-2.12.1.so
b6956000-b6957000 r--p 00009000 08:01 620559     /lib/libnss_files-2.12.1.so
b6957000-b6958000 rw-p 0000a000 08:01 620559     /lib/libnss_files-2.12.1.so
b6958000-b6961000 r-xp 00000000 08:01 620561     /lib/libnss_nis-2.12.1.so
b6961000-b6962000 r--p 00008000 08:01 620561     /lib/libnss_nis-2.12.1.so
b6962000-b6963000 rw-p 00009000 08:01 620561     /lib/libnss_nis-2.12.1.so
b6963000-b6967000 r--s 0008f000 08:01 2024261    /home/rur/.eclipse/org.eclipse.platform_3.5.0_155965261/plugins/com.google.appengine.eclipse.sdkbundle_1.6.3.v201202290255r35/appengine-java-sdk-1.6.3/lib/shared/appengine-local-runtime-shared.jar
b6967000-b6968000 r--s 00006000 08:01 2040694    /home/rur/.eclipse/org.eclipse.platform_3.5.0_155965261/plugins/com.google.appengine.eclipse.sdkbundle_1.6.3.v201202290255r35/appengine-java-sdk-1.6.3/lib/shared/jsp/repackaged-appengine-tomcat-juli-6.0.29.jar
b6968000-b696e000 r-xp 00000000 08:01 462009     /usr/lib/jvm/java-6-openjdk/jre/lib/i386/libzip.so
b696e000-b696f000 r--p 00005000 08:01 462009     /usr/lib/jvm/java-6-openjdk/jre/lib/i386/libzip.so
b696f000-b6970000 rw-p 00006000 08:01 462009     /usr/lib/jvm/java-6-openjdk/jre/lib/i386/libzip.so
b6970000-b6978000 rw-s 00000000 08:01 2350847    /tmp/hsperfdata_rur/8736
b6978000-b698b000 r-xp 00000000 08:01 620556     /lib/libnsl-2.12.1.so
b698b000-b698c000 r--p 00012000 08:01 620556     /lib/libnsl-2.12.1.so
b698c000-b698d000 rw-p 00013000 08:01 620556     /lib/libnsl-2.12.1.so
b698d000-b698f000 rw-p 00000000 00:00 0 
b698f000-b6991000 r--s 00019000 08:01 2040693    /home/rur/.eclipse/org.eclipse.platform_3.5.0_155965261/plugins/com.google.appengine.eclipse.sdkbundle_1.6.3.v201202290255r35/appengine-java-sdk-1.6.3/lib/shared/jsp/repackaged-appengine-jasper-el-6.0.29.jar
b6991000-b6994000 r--s 0000f000 08:01 131607     /usr/lib/jvm/java-6-openjdk/jre/lib/ext/pulse-java.jar
b6994000-b699a000 r-xp 00000000 08:01 620557     /lib/libnss_compat-2.12.1.so
b699a000-b699b000 r--p 00006000 08:01 620557     /lib/libnss_compat-2.12.1.so
b699b000-b699c000 rw-p 00007000 08:01 620557     /lib/libnss_compat-2.12.1.so
b699c000-b69a2000 r-xp 00000000 08:01 462025     /usr/lib/jvm/java-6-openjdk/jre/lib/i386/native_threads/libhpi.so
b69a2000-b69a3000 r--p 00005000 08:01 462025     /usr/lib/jvm/java-6-openjdk/jre/lib/i386/native_threads/libhpi.so
b69a3000-b69a4000 rw-p 00006000 08:01 462025     /usr/lib/jvm/java-6-openjdk/jre/lib/i386/native_threads/libhpi.so
b69a4000-b69c6000 r-xp 00000000 08:01 462004     /usr/lib/jvm/java-6-openjdk/jre/lib/i386/libjava.so
b69c6000-b69c7000 r--p 00021000 08:01 462004     /usr/lib/jvm/java-6-openjdk/jre/lib/i386/libjava.so
b69c7000-b69c9000 rw-p 00022000 08:01 462004     /usr/lib/jvm/java-6-openjdk/jre/lib/i386/libjava.so
b69c9000-b69d0000 r-xp 00000000 08:01 620566     /lib/librt-2.12.1.so
b69d0000-b69d1000 r--p 00006000 08:01 620566     /lib/librt-2.12.1.so
b69d1000-b69d2000 rw-p 00007000 08:01 620566     /lib/librt-2.12.1.so
b69d2000-b69d5000 ---p 00000000 00:00 0 
b69d5000-b6a23000 rw-p 00000000 00:00 0 
b6a23000-b6a47000 r-xp 00000000 08:01 620554     /lib/libm-2.12.1.so
b6a47000-b6a48000 r--p 00023000 08:01 620554     /lib/libm-2.12.1.so
b6a48000-b6a49000 rw-p 00024000 08:01 620554     /lib/libm-2.12.1.so
b6a49000-b710d000 r-xp 00000000 08:01 462023     /usr/lib/jvm/java-6-openjdk/jre/lib/i386/server/libjvm.so
b710d000-b7152000 r--p 006c4000 08:01 462023     /usr/lib/jvm/java-6-openjdk/jre/lib/i386/server/libjvm.so
b7152000-b7161000 rw-p 00709000 08:01 462023     /usr/lib/jvm/java-6-openjdk/jre/lib/i386/server/libjvm.so
b7161000-b7582000 rw-p 00000000 00:00 0 
b7582000-b76d9000 r-xp 00000000 08:01 620415     /lib/libc-2.12.1.so
b76d9000-b76db000 r--p 00157000 08:01 620415     /lib/libc-2.12.1.so
b76db000-b76dc000 rw-p 00159000 08:01 620415     /lib/libc-2.12.1.so
b76dc000-b76df000 rw-p 00000000 00:00 0 
b76df000-b76e1000 r-xp 00000000 08:01 620553     /lib/libdl-2.12.1.so
b76e1000-b76e2000 r--p 00001000 08:01 620553     /lib/libdl-2.12.1.so
b76e2000-b76e3000 rw-p 00002000 08:01 620553     /lib/libdl-2.12.1.so
b76e3000-b76e6000 r-xp 00000000 08:01 462013     /usr/lib/jvm/java-6-openjdk/jre/lib/i386/jli/libjli.so
b76e6000-b76e7000 r--p 00002000 08:01 462013     /usr/lib/jvm/java-6-openjdk/jre/lib/i386/jli/libjli.so
b76e7000-b76e8000 rw-p 00003000 08:01 462013     /usr/lib/jvm/java-6-openjdk/jre/lib/i386/jli/libjli.so
b76e8000-b76fd000 r-xp 00000000 08:01 620564     /lib/libpthread-2.12.1.so
b76fd000-b76fe000 ---p 00015000 08:01 620564     /lib/libpthread-2.12.1.so
b76fe000-b76ff000 r--p 00015000 08:01 620564     /lib/libpthread-2.12.1.so
b76ff000-b7700000 rw-p 00016000 08:01 620564     /lib/libpthread-2.12.1.so
b7700000-b7703000 rw-p 00000000 00:00 0 
b7703000-b7716000 r-xp 00000000 08:01 620354     /lib/libz.so.1.2.3.4
b7716000-b7717000 r--p 00012000 08:01 620354     /lib/libz.so.1.2.3.4
b7717000-b7718000 rw-p 00013000 08:01 620354     /lib/libz.so.1.2.3.4
b7718000-b771a000 r--s 00002000 08:01 2040691    /home/rur/.eclipse/org.eclipse.platform_3.5.0_155965261/plugins/com.google.appengine.eclipse.sdkbundle_1.6.3.v201202290255r35/appengine-java-sdk-1.6.3/lib/shared/jsp/repackaged-appengine-ant-launcher-1.7.1.jar
b771a000-b771b000 r--p 002a1000 08:01 2563202    /usr/lib/locale/locale-archive
b771b000-b771d000 r--s 0001d000 08:01 70119      /usr/lib/jvm/java-6-openjdk/jre/lib/plugin.jar
b771d000-b771e000 rw-p 00000000 00:00 0 
b771e000-b771f000 r--p 00000000 00:00 0 
b771f000-b772a000 r-xp 00000000 08:01 462032     /usr/lib/jvm/java-6-openjdk/jre/lib/i386/libverify.so
b772a000-b772b000 ---p 0000b000 08:01 462032     /usr/lib/jvm/java-6-openjdk/jre/lib/i386/libverify.so
b772b000-b772c000 r--p 0000b000 08:01 462032     /usr/lib/jvm/java-6-openjdk/jre/lib/i386/libverify.so
b772c000-b772d000 rw-p 0000c000 08:01 462032     /usr/lib/jvm/java-6-openjdk/jre/lib/i386/libverify.so
b772d000-b772f000 rw-p 00000000 00:00 0 
b772f000-b7730000 r-xp 00000000 00:00 0          [vdso]
b7730000-b774c000 r-xp 00000000 08:01 620411     /lib/ld-2.12.1.so
b774c000-b774d000 r--p 0001b000 08:01 620411     /lib/ld-2.12.1.so
b774d000-b774e000 rw-p 0001c000 08:01 620411     /lib/ld-2.12.1.so
bfd90000-bfdb3000 rw-p 00000000 00:00 0          [stack]

VM Arguments:
jvm_args: -Xmx512m 
java_command: com.google.gwt.dev.Compiler -logLevel INFO -style OBFUSCATED -war /media/rur/filmtit/githubrepo/gui/filmtit0/war filmtit0.Filmtit0
Launcher Type: SUN_STANDARD

Environment Variables:
PATH=/rur/moses/bin/:/media/rur/tectomt/treex/bin:/home/rur/bin:/usr/local/sbin:/usr/local/bin:/usr/sbin:/usr/bin:/sbin:/bin:/usr/games:/media/rur/tectomt/tools/format_validators:/media/rur/tectomt/tools/general:./:/home/rur/
USERNAME=rur
LD_LIBRARY_PATH=/usr/lib/jvm/java-6-openjdk/jre/lib/i386/server:/usr/lib/jvm/java-6-openjdk/jre/lib/i386:/usr/lib/jvm/java-6-openjdk/jre/../lib/i386:/usr/lib/jvm/java-6-openjdk/jre/lib/i386/client:/usr/lib/jvm/java-6-openjdk/jre/lib/i386:/usr/lib/xulrunner-1.9.2.16:/usr/lib/xulrunner-1.9.2.16
SHELL=/bin/bash
DISPLAY=:0.0

Signal Handlers:
SIGSEGV: [libjvm.so+0x6497c0], sa_mask[0]=0x7ffbfeff, sa_flags=0x10000004
SIGBUS: [libjvm.so+0x6497c0], sa_mask[0]=0x7ffbfeff, sa_flags=0x10000004
SIGFPE: [libjvm.so+0x51ba60], sa_mask[0]=0x7ffbfeff, sa_flags=0x10000004
SIGPIPE: [libjvm.so+0x51ba60], sa_mask[0]=0x7ffbfeff, sa_flags=0x10000004
SIGXFSZ: [libjvm.so+0x51ba60], sa_mask[0]=0x7ffbfeff, sa_flags=0x10000004
SIGILL: [libjvm.so+0x51ba60], sa_mask[0]=0x7ffbfeff, sa_flags=0x10000004
SIGUSR1: SIG_DFL, sa_mask[0]=0x00000000, sa_flags=0x00000000
SIGUSR2: [libjvm.so+0x51b110], sa_mask[0]=0x00000004, sa_flags=0x10000004
SIGHUP: [libjvm.so+0x51dc80], sa_mask[0]=0x7ffbfeff, sa_flags=0x10000004
SIGINT: [libjvm.so+0x51dc80], sa_mask[0]=0x7ffbfeff, sa_flags=0x10000004
SIGTERM: [libjvm.so+0x51dc80], sa_mask[0]=0x7ffbfeff, sa_flags=0x10000004
SIGQUIT: [libjvm.so+0x51dc80], sa_mask[0]=0x7ffbfeff, sa_flags=0x10000004


---------------  S Y S T E M  ---------------

OS:Ubuntu 10.10 (maverick)
uname:Linux 2.6.35-28-generic-pae #49-Ubuntu SMP Tue Mar 1 14:58:06 UTC 2011 i686
libc:glibc 2.12.1 NPTL 2.12.1 
rlimit: STACK 8192k, CORE 0k, NPROC infinity, NOFILE 1024, AS infinity
load average:0.42 0.14 0.12

/proc/meminfo:
MemTotal:        4081436 kB
MemFree:         2039068 kB
Buffers:          114608 kB
Cached:           822300 kB
SwapCached:            0 kB
Active:          1295332 kB
Inactive:         637592 kB
Active(anon):     996472 kB
Inactive(anon):     5660 kB
Active(file):     298860 kB
Inactive(file):   631932 kB
Unevictable:          16 kB
Mlocked:              16 kB
HighTotal:       3244704 kB
HighFree:        1409008 kB
LowTotal:         836732 kB
LowFree:          630060 kB
SwapTotal:       8120844 kB
SwapFree:        8120844 kB
Dirty:             29396 kB
Writeback:             0 kB
AnonPages:        996116 kB
Mapped:           126668 kB
Shmem:              6068 kB
Slab:              62240 kB
SReclaimable:      50096 kB
SUnreclaim:        12144 kB
KernelStack:        3000 kB
PageTables:         7744 kB
NFS_Unstable:          0 kB
Bounce:                0 kB
WritebackTmp:          0 kB
CommitLimit:    10161560 kB
Committed_AS:    2192768 kB
VmallocTotal:     122880 kB
VmallocUsed:       27688 kB
VmallocChunk:      86124 kB
HardwareCorrupted:     0 kB
HugePages_Total:       0
HugePages_Free:        0
HugePages_Rsvd:        0
HugePages_Surp:        0
Hugepagesize:       2048 kB
DirectMap4k:        8184 kB
DirectMap2M:      905216 kB


CPU:total 2 (2 cores per cpu, 1 threads per core) family 6 model 15 stepping 13, cmov, cx8, fxsr, mmx, sse, sse2, sse3, ssse3

Memory: 4k page, physical 4081436k(2039068k free), swap 8120844k(8120844k free)

vm_info: OpenJDK Server VM (19.0-b09) for linux-x86 JRE (1.6.0_20-b20), built on Feb 23 2011 09:09:10 by "buildd" with gcc 4.4.5

time: Sun Mar 11 12:26:05 2012
elapsed time: 4 seconds

